This is XeTeX, Version 3.14159265-2.6-0.99999 (TeX Live 2018) (preloaded format=xelatex 2018.4.16)  25 AUG 2023 12:03
entering extended mode
 restricted \write18 enabled.
 %&-line parsing enabled.
**index.tex
(./index.tex
LaTeX2e <2018-04-01> patch level 2
Babel <3.18> and hyphenation patterns for 84 language(s) loaded.
(/usr/local/texlive/2018/texmf-dist/tex/latex/koma-script/scrreprt.cls
Document Class: scrreprt 2018/03/30 v3.25 KOMA-Script document class (report)
(/usr/local/texlive/2018/texmf-dist/tex/latex/koma-script/scrkbase.sty
Package: scrkbase 2018/03/30 v3.25 KOMA-Script package (KOMA-Script-dependent b
asics and keyval usage)
(/usr/local/texlive/2018/texmf-dist/tex/latex/koma-script/scrbase.sty
Package: scrbase 2018/03/30 v3.25 KOMA-Script package (KOMA-Script-independent 
basics and keyval usage)
(/usr/local/texlive/2018/texmf-dist/tex/latex/graphics/keyval.sty
Package: keyval 2014/10/28 v1.15 key=value parser (DPC)
\KV@toks@=\toks14
) (/usr/local/texlive/2018/texmf-dist/tex/latex/koma-script/scrlfile.sty
Package: scrlfile 2018/03/30 v3.25 KOMA-Script package (loading files)
))) (/usr/local/texlive/2018/texmf-dist/tex/latex/koma-script/tocbasic.sty
Package: tocbasic 2018/03/30 v3.25 KOMA-Script package (handling toc-files)
\scr@dte@tocline@numberwidth=\skip41
\scr@dte@tocline@numbox=\box26
)
Package tocbasic Info: omitting babel extension for `toc'
(tocbasic)             because of feature `nobabel' available
(tocbasic)             for `toc' on input line 136.
Package tocbasic Info: defining new hook before heading of `' on input line 166
7.
Class scrreprt Info: File `scrsize11pt.clo' used instead of
(scrreprt)           file `scrsize11.clo' to setup font sizes on input line 232
8.
(/usr/local/texlive/2018/texmf-dist/tex/latex/koma-script/scrsize11pt.clo
File: scrsize11pt.clo 2018/03/30 v3.25 KOMA-Script font size class option (11pt
)
) (/usr/local/texlive/2018/texmf-dist/tex/latex/koma-script/typearea.sty
Package: typearea 2018/03/30 v3.25 KOMA-Script package (type area)
\ta@bcor=\skip42
\ta@div=\count80
Package typearea Info: You've used standard option `letterpaper'.
(typearea)             This is correct!
(typearea)             Internally I'm using `paper=letter'.
(typearea)             If you'd like to set the option with \KOMAoptions,
(typearea)             you'd have to use `paper=letter' there
(typearea)             instead of `letterpaper', too.
\ta@hblk=\skip43
\ta@vblk=\skip44
\ta@temp=\skip45
\footheight=\skip46
Package typearea Info: These are the values describing the layout:
(typearea)             DIV  = 11
(typearea)             BCOR = 0.0pt
(typearea)             \paperwidth      = 614.295pt
(typearea)              \textwidth      = 446.76004pt
(typearea)              DIV departure   = -14%
(typearea)              \evensidemargin = 11.49748pt
(typearea)              \oddsidemargin  = 11.49748pt
(typearea)             \paperheight     = 794.96999pt
(typearea)              \textheight     = 582.20026pt
(typearea)              \topmargin      = -37.40001pt
(typearea)              \headheight     = 17.0pt
(typearea)              \headsep        = 20.40001pt
(typearea)              \topskip        = 11.0pt
(typearea)              \footskip       = 47.6pt
(typearea)              \baselineskip   = 13.6pt
(typearea)              on input line 1706.
)
\c@part=\count81
\c@chapter=\count82
\c@section=\count83
\c@subsection=\count84
\c@subsubsection=\count85
\c@paragraph=\count86
\c@subparagraph=\count87
\scr@dte@part@maxnumwidth=\skip47
\scr@dte@chapter@maxnumwidth=\skip48
\scr@dte@section@maxnumwidth=\skip49
\scr@dte@subsection@maxnumwidth=\skip50
\scr@dte@subsubsection@maxnumwidth=\skip51
\scr@dte@paragraph@maxnumwidth=\skip52
\scr@dte@subparagraph@maxnumwidth=\skip53
\abovecaptionskip=\skip54
\belowcaptionskip=\skip55
\c@pti@nb@sid@b@x=\box27
\scr@dte@figure@maxnumwidth=\skip56
Package tocbasic Info: omitting babel extension for `lof'
(tocbasic)             because of feature `nobabel' available
(tocbasic)             for `lof' on input line 6247.
\c@figure=\count88
\scr@dte@table@maxnumwidth=\skip57
Package tocbasic Info: omitting babel extension for `lot'
(tocbasic)             because of feature `nobabel' available
(tocbasic)             for `lot' on input line 6264.
\c@table=\count89
Class scrreprt Info: Redefining `\numberline' on input line 6433.
\bibindent=\dimen102
) (/usr/local/texlive/2018/texmf-dist/tex/latex/amsmath/amsmath.sty
Package: amsmath 2017/09/02 v2.17a AMS math features
\@mathmargin=\skip58
For additional information on amsmath, use the `?' option.
(/usr/local/texlive/2018/texmf-dist/tex/latex/amsmath/amstext.sty
Package: amstext 2000/06/29 v2.01 AMS text
(/usr/local/texlive/2018/texmf-dist/tex/latex/amsmath/amsgen.sty
File: amsgen.sty 1999/11/30 v2.0 generic functions
\@emptytoks=\toks15
\ex@=\dimen103
)) (/usr/local/texlive/2018/texmf-dist/tex/latex/amsmath/amsbsy.sty
Package: amsbsy 1999/11/29 v1.2d Bold Symbols
\pmbraise@=\dimen104
) (/usr/local/texlive/2018/texmf-dist/tex/latex/amsmath/amsopn.sty
Package: amsopn 2016/03/08 v2.02 operator names
)
\inf@bad=\count90
LaTeX Info: Redefining \frac on input line 213.
\uproot@=\count91
\leftroot@=\count92
LaTeX Info: Redefining \overline on input line 375.
\classnum@=\count93
\DOTSCASE@=\count94
LaTeX Info: Redefining \ldots on input line 472.
LaTeX Info: Redefining \dots on input line 475.
LaTeX Info: Redefining \cdots on input line 596.
\Mathstrutbox@=\box28
\strutbox@=\box29
\big@size=\dimen105
LaTeX Font Info:    Redeclaring font encoding OML on input line 712.
LaTeX Font Info:    Redeclaring font encoding OMS on input line 713.
\macc@depth=\count95
\c@MaxMatrixCols=\count96
\dotsspace@=\muskip10
\c@parentequation=\count97
\dspbrk@lvl=\count98
\tag@help=\toks16
\row@=\count99
\column@=\count100
\maxfields@=\count101
\andhelp@=\toks17
\eqnshift@=\dimen106
\alignsep@=\dimen107
\tagshift@=\dimen108
\tagwidth@=\dimen109
\totwidth@=\dimen110
\lineht@=\dimen111
\@envbody=\toks18
\multlinegap=\skip59
\multlinetaggap=\skip60
\mathdisplay@stack=\toks19
LaTeX Info: Redefining \[ on input line 2817.
LaTeX Info: Redefining \] on input line 2818.
) (/usr/local/texlive/2018/texmf-dist/tex/latex/amsfonts/amssymb.sty
Package: amssymb 2013/01/14 v3.01 AMS font symbols
(/usr/local/texlive/2018/texmf-dist/tex/latex/amsfonts/amsfonts.sty
Package: amsfonts 2013/01/14 v3.01 Basic AMSFonts support
\symAMSa=\mathgroup4
\symAMSb=\mathgroup5
LaTeX Font Info:    Overwriting math alphabet `\mathfrak' in version `bold'
(Font)                  U/euf/m/n --> U/euf/b/n on input line 106.
)) (/usr/local/texlive/2018/texmf-dist/tex/generic/iftex/iftex.sty
Package: iftex 2013/04/04 v0.2 Provides if(tex) conditional for PDFTeX, XeTeX, 
and LuaTeX
) (/usr/local/texlive/2018/texmf-dist/tex/latex/unicode-math/unicode-math.sty (
/usr/local/texlive/2018/texmf-dist/tex/latex/l3kernel/expl3.sty
Package: expl3 2018/03/05 L3 programming layer (loader) 
(/usr/local/texlive/2018/texmf-dist/tex/latex/l3kernel/expl3-code.tex
Package: expl3 2018/03/05 L3 programming layer (code)
\c_max_int=\count102
\l_tmpa_int=\count103
\l_tmpb_int=\count104
\g_tmpa_int=\count105
\g_tmpb_int=\count106
\g__intarray_font_int=\count107
\g__prg_map_int=\count108
\c_log_iow=\count109
\l_iow_line_count_int=\count110
\l__iow_line_target_int=\count111
\l__iow_one_indent_int=\count112
\l__iow_indent_int=\count113
\c_zero_dim=\dimen112
\c_max_dim=\dimen113
\l_tmpa_dim=\dimen114
\l_tmpb_dim=\dimen115
\g_tmpa_dim=\dimen116
\g_tmpb_dim=\dimen117
\c_zero_skip=\skip61
\c_max_skip=\skip62
\l_tmpa_skip=\skip63
\l_tmpb_skip=\skip64
\g_tmpa_skip=\skip65
\g_tmpb_skip=\skip66
\c_zero_muskip=\muskip11
\c_max_muskip=\muskip12
\l_tmpa_muskip=\muskip13
\l_tmpb_muskip=\muskip14
\g_tmpa_muskip=\muskip15
\g_tmpb_muskip=\muskip16
\l_keys_choice_int=\count114
\c__fp_leading_shift_int=\count115
\c__fp_middle_shift_int=\count116
\c__fp_trailing_shift_int=\count117
\c__fp_big_leading_shift_int=\count118
\c__fp_big_middle_shift_int=\count119
\c__fp_big_trailing_shift_int=\count120
\c__fp_Bigg_leading_shift_int=\count121
\c__fp_Bigg_middle_shift_int=\count122
\c__fp_Bigg_trailing_shift_int=\count123
\l__sort_length_int=\count124
\l__sort_min_int=\count125
\l__sort_top_int=\count126
\l__sort_max_int=\count127
\l__sort_true_max_int=\count128
\l__sort_block_int=\count129
\l__sort_begin_int=\count130
\l__sort_end_int=\count131
\l__sort_A_int=\count132
\l__sort_B_int=\count133
\l__sort_C_int=\count134
\l__tl_build_start_index_int=\count135
\l__tl_build_index_int=\count136
\l__tl_analysis_normal_int=\count137
\l__tl_analysis_index_int=\count138
\l__tl_analysis_nesting_int=\count139
\l__tl_analysis_type_int=\count140
\l__regex_internal_a_int=\count141
\l__regex_internal_b_int=\count142
\l__regex_internal_c_int=\count143
\l__regex_balance_int=\count144
\l__regex_group_level_int=\count145
\l__regex_mode_int=\count146
\c__regex_cs_in_class_mode_int=\count147
\c__regex_cs_mode_int=\count148
\l__regex_catcodes_int=\count149
\l__regex_default_catcodes_int=\count150
\c__regex_catcode_L_int=\count151
\c__regex_catcode_O_int=\count152
\c__regex_catcode_A_int=\count153
\c__regex_all_catcodes_int=\count154
\l__regex_show_lines_int=\count155
\l__regex_min_state_int=\count156
\l__regex_max_state_int=\count157
\l__regex_left_state_int=\count158
\l__regex_right_state_int=\count159
\l__regex_capturing_group_int=\count160
\l__regex_min_pos_int=\count161
\l__regex_max_pos_int=\count162
\l__regex_curr_pos_int=\count163
\l__regex_start_pos_int=\count164
\l__regex_success_pos_int=\count165
\l__regex_curr_char_int=\count166
\l__regex_curr_catcode_int=\count167
\l__regex_last_char_int=\count168
\l__regex_case_changed_char_int=\count169
\l__regex_curr_state_int=\count170
\l__regex_step_int=\count171
\l__regex_min_active_int=\count172
\l__regex_max_active_int=\count173
\l__regex_replacement_csnames_int=\count174
\l__regex_match_count_int=\count175
\l__regex_min_submatch_int=\count176
\l__regex_submatch_int=\count177
\l__regex_zeroth_submatch_int=\count178
\g__regex_trace_regex_int=\count179
\c_empty_box=\box30
\l_tmpa_box=\box31
\l_tmpb_box=\box32
\g_tmpa_box=\box33
\g_tmpb_box=\box34
\l__box_top_dim=\dimen118
\l__box_bottom_dim=\dimen119
\l__box_left_dim=\dimen120
\l__box_right_dim=\dimen121
\l__box_top_new_dim=\dimen122
\l__box_bottom_new_dim=\dimen123
\l__box_left_new_dim=\dimen124
\l__box_right_new_dim=\dimen125
\l__box_internal_box=\box35
\l__coffin_internal_box=\box36
\l__coffin_internal_dim=\dimen126
\l__coffin_offset_x_dim=\dimen127
\l__coffin_offset_y_dim=\dimen128
\l__coffin_x_dim=\dimen129
\l__coffin_y_dim=\dimen130
\l__coffin_x_prime_dim=\dimen131
\l__coffin_y_prime_dim=\dimen132
\c_empty_coffin=\box37
\l__coffin_aligned_coffin=\box38
\l__coffin_aligned_internal_coffin=\box39
\l_tmpa_coffin=\box40
\l_tmpb_coffin=\box41
\l__coffin_display_coffin=\box42
\l__coffin_display_coord_coffin=\box43
\l__coffin_display_pole_coffin=\box44
\l__coffin_display_offset_dim=\dimen133
\l__coffin_display_x_dim=\dimen134
\l__coffin_display_y_dim=\dimen135
\l__coffin_bounding_shift_dim=\dimen136
\l__coffin_left_corner_dim=\dimen137
\l__coffin_right_corner_dim=\dimen138
\l__coffin_bottom_corner_dim=\dimen139
\l__coffin_top_corner_dim=\dimen140
\l__coffin_scaled_total_height_dim=\dimen141
\l__coffin_scaled_width_dim=\dimen142
) (/usr/local/texlive/2018/texmf-dist/tex/latex/l3kernel/l3xdvipdfmx.def
File: l3xdvidpfmx.def 2017/03/18 v L3 Experimental driver: xdvipdfmx
\g__driver_image_int=\count180
))
Package: unicode-math 2018/02/02 vv0.8l Unicode maths in XeLaTeX and LuaLaTeX

(/usr/local/texlive/2018/texmf-dist/tex/latex/unicode-math/unicode-math-xetex.s
ty
Package: unicode-math-xetex 2018/02/02 vv0.8l Unicode maths in XeLaTeX and LuaL
aTeX
(/usr/local/texlive/2018/texmf-dist/tex/latex/l3packages/xparse/xparse.sty
Package: xparse 2018/02/21 L3 Experimental document command parser
\l__xparse_current_arg_int=\count181
\g__xparse_grabber_int=\count182
\l__xparse_m_args_int=\count183
\l__xparse_mandatory_args_int=\count184
\l__xparse_v_nesting_int=\count185
) (/usr/local/texlive/2018/texmf-dist/tex/latex/l3packages/l3keys2e/l3keys2e.st
y
Package: l3keys2e 2018/02/21 LaTeX2e option processing using LaTeX3 keys
) (/usr/local/texlive/2018/texmf-dist/tex/latex/fontspec/fontspec.sty
Package: fontspec 2017/11/09 v2.6g Font selection for XeLaTeX and LuaLaTeX
(/usr/local/texlive/2018/texmf-dist/tex/latex/fontspec/fontspec-xetex.sty
Package: fontspec-xetex 2017/11/09 v2.6g Font selection for XeLaTeX and LuaLaTe
X
\l__fontspec_script_int=\count186
\l__fontspec_language_int=\count187
\l__fontspec_strnum_int=\count188
\l__fontspec_tmp_int=\count189
\l__fontspec_em_int=\count190
\l__fontspec_emdef_int=\count191
\l__fontspec_strong_int=\count192
\l__fontspec_strongdef_int=\count193
\l__fontspec_tmpa_dim=\dimen143
\l__fontspec_tmpb_dim=\dimen144
\l__fontspec_tmpc_dim=\dimen145
\g__file_internal_ior=\read1
(/usr/local/texlive/2018/texmf-dist/tex/latex/base/fontenc.sty
Package: fontenc 2017/04/05 v2.0i Standard LaTeX package
(/usr/local/texlive/2018/texmf-dist/tex/latex/base/tuenc.def
File: tuenc.def 2017/04/05 v2.0i Standard LaTeX file
LaTeX Font Info:    Redeclaring font encoding TU on input line 82.
))
.................................................
. LaTeX info: "xparse/define-command"
. 
. Defining command \fontspec with sig. 'O{}mO{}' on line 542.
.................................................
.................................................
. LaTeX info: "xparse/define-command"
. 
. Defining command \setmainfont with sig. 'O{}mO{}' on line 546.
.................................................
.................................................
. LaTeX info: "xparse/define-command"
. 
. Defining command \setsansfont with sig. 'O{}mO{}' on line 550.
.................................................
.................................................
. LaTeX info: "xparse/define-command"
. 
. Defining command \setmonofont with sig. 'O{}mO{}' on line 554.
.................................................
.................................................
. LaTeX info: "xparse/define-command"
. 
. Defining command \setmathrm with sig. 'O{}mO{}' on line 558.
.................................................
.................................................
. LaTeX info: "xparse/define-command"
. 
. Defining command \setboldmathrm with sig. 'O{}mO{}' on line 562.
.................................................
.................................................
. LaTeX info: "xparse/define-command"
. 
. Defining command \setmathsf with sig. 'O{}mO{}' on line 566.
.................................................
.................................................
. LaTeX info: "xparse/define-command"
. 
. Defining command \setmathtt with sig. 'O{}mO{}' on line 570.
.................................................
.................................................
. LaTeX info: "xparse/define-command"
. 
. Defining command \setromanfont with sig. 'O{}mO{}' on line 574.
.................................................
.................................................
. LaTeX info: "xparse/define-command"
. 
. Defining command \newfontfamily with sig. 'mO{}mO{}' on line 578.
.................................................
.................................................
. LaTeX info: "xparse/define-command"
. 
. Defining command \newfontface with sig. 'mO{}mO{}' on line 582.
.................................................
.................................................
. LaTeX info: "xparse/define-command"
. 
. Defining command \defaultfontfeatures with sig. 't+om' on line 586.
.................................................
.................................................
. LaTeX info: "xparse/define-command"
. 
. Defining command \addfontfeatures with sig. 'm' on line 590.
.................................................
.................................................
. LaTeX info: "xparse/define-command"
. 
. Defining command \addfontfeature with sig. 'm' on line 594.
.................................................
.................................................
. LaTeX info: "xparse/define-command"
. 
. Defining command \newfontfeature with sig. 'mm' on line 598.
.................................................
.................................................
. LaTeX info: "xparse/define-command"
. 
. Defining command \newAATfeature with sig. 'mmmm' on line 602.
.................................................
.................................................
. LaTeX info: "xparse/define-command"
. 
. Defining command \newopentypefeature with sig. 'mmm' on line 606.
.................................................
.................................................
. LaTeX info: "xparse/define-command"
. 
. Defining command \newICUfeature with sig. 'mmm' on line 610.
.................................................
.................................................
. LaTeX info: "xparse/define-command"
. 
. Defining command \aliasfontfeature with sig. 'mm' on line 614.
.................................................
.................................................
. LaTeX info: "xparse/define-command"
. 
. Defining command \aliasfontfeatureoption with sig. 'mmm' on line 618.
.................................................
.................................................
. LaTeX info: "xparse/define-command"
. 
. Defining command \newfontscript with sig. 'mm' on line 622.
.................................................
.................................................
. LaTeX info: "xparse/define-command"
. 
. Defining command \newfontlanguage with sig. 'mm' on line 626.
.................................................
.................................................
. LaTeX info: "xparse/define-command"
. 
. Defining command \DeclareFontsExtensions with sig. 'm' on line 630.
.................................................
.................................................
. LaTeX info: "xparse/define-command"
. 
. Defining command \IfFontFeatureActiveTF with sig. 'mmm' on line 634.
.................................................
.................................................
. LaTeX info: "xparse/define-command"
. 
. Defining command \EncodingCommand with sig. 'mO{}m' on line 3632.
.................................................
.................................................
. LaTeX info: "xparse/define-command"
. 
. Defining command \EncodingAccent with sig. 'mm' on line 3638.
.................................................
.................................................
. LaTeX info: "xparse/define-command"
. 
. Defining command \EncodingSymbol with sig. 'mm' on line 3644.
.................................................
.................................................
. LaTeX info: "xparse/define-command"
. 
. Defining command \EncodingComposite with sig. 'mmm' on line 3650.
.................................................
.................................................
. LaTeX info: "xparse/define-command"
. 
. Defining command \EncodingCompositeCommand with sig. 'mmm' on line 3656.
.................................................
.................................................
. LaTeX info: "xparse/define-command"
. 
. Defining command \DeclareUnicodeEncoding with sig. 'mm' on line 3681.
.................................................
.................................................
. LaTeX info: "xparse/define-command"
. 
. Defining command \UndeclareSymbol with sig. 'm' on line 3687.
.................................................
.................................................
. LaTeX info: "xparse/define-command"
. 
. Defining command \UndeclareAccent with sig. 'm' on line 3693.
.................................................
.................................................
. LaTeX info: "xparse/define-command"
. 
. Defining command \UndeclareCommand with sig. 'm' on line 3699.
.................................................
.................................................
. LaTeX info: "xparse/define-command"
. 
. Defining command \UndeclareComposite with sig. 'mm' on line 3706.
.................................................
(/usr/local/texlive/2018/texmf-dist/tex/latex/fontspec/fontspec.cfg)
LaTeX Info: Redefining \itshape on input line 3891.
LaTeX Info: Redefining \slshape on input line 3896.
LaTeX Info: Redefining \scshape on input line 3901.
LaTeX Info: Redefining \upshape on input line 3906.
LaTeX Info: Redefining \em on input line 3936.
LaTeX Info: Redefining \emph on input line 3961.
LaTeX Info: Redefining \- on input line 4015.
.................................................
. LaTeX info: "xparse/redefine-command"
. 
. Redefining command \oldstylenums with sig. 'm' on line 4110.
.................................................
.................................................
. LaTeX info: "xparse/define-command"
. 
. Defining command \liningnums with sig. 'm' on line 4114.
.................................................
)) (/usr/local/texlive/2018/texmf-dist/tex/latex/filehook/filehook.sty
Package: filehook 2011/10/12 v0.5d Hooks for input files
(/usr/local/texlive/2018/texmf-dist/tex/latex/filehook/filehook-scrlfile.sty
Package: filehook-scrlfile 2011/01/03 v0.1 filehook patch for scrlfile package
Package filehook Info: Package 'scrlfile' detected and compensated for on input
 line 102.
)) (/usr/local/texlive/2018/texmf-dist/tex/latex/base/fix-cm.sty
Package: fix-cm 2015/01/14 v1.1t fixes to LaTeX
(/usr/local/texlive/2018/texmf-dist/tex/latex/base/ts1enc.def
File: ts1enc.def 2001/06/05 v3.0e (jk/car/fm) Standard LaTeX file
))
\g__um_fam_int=\count194
\g__um_fonts_used_int=\count195
\l__um_primecount_int=\count196
\g__um_primekern_muskip=\muskip17
.................................................
. LaTeX info: "xparse/define-command"
. 
. Defining command \unimathsetup with sig. 'm' on line 269.
.................................................
.................................................
. LaTeX info: "xparse/define-command"
. 
. Defining command \setmathfont with sig. 'O{}mO{}' on line 273.
.................................................
.................................................
. LaTeX info: "xparse/define-command"
. 
. Defining command \setmathfontface with sig. 'mO{}mO{}' on line 277.
.................................................
.................................................
. LaTeX info: "xparse/define-command"
. 
. Defining command \setoperatorfont with sig. 'm' on line 282.
.................................................
.................................................
. LaTeX info: "xparse/define-command"
. 
. Defining command \addnolimits with sig. 'm' on line 287.
.................................................
.................................................
. LaTeX info: "xparse/define-command"
. 
. Defining command \removenolimits with sig. 'm' on line 291.
.................................................

(/usr/local/texlive/2018/texmf-dist/tex/latex/unicode-math/unicode-math-table.t
ex)
.................................................
. unicode-math info: "patch-macro"
. 
. I'm going to patch macro \subarray.
.................................................
.................................................
. unicode-math info: "patch-macro"
. 
. I'm going to patch macro \r@@t.
.................................................
.................................................
. LaTeX info: "xparse/redefine-command"
. 
. Redefining command \not with sig. 'm' on line 3835.
.................................................
.................................................
. LaTeX info: "xparse/define-command"
. 
. Defining command \NewNegationCommand with sig. 'mm' on line 3839.
.................................................
.................................................
. LaTeX info: "xparse/define-command"
. 
. Defining command \RenewNegationCommand with sig. 'mm' on line 3843.
.................................................
)) (/usr/local/texlive/2018/texmf-dist/tex/latex/lm/lmodern.sty
Package: lmodern 2009/10/30 v1.6 Latin Modern Fonts
LaTeX Font Info:    Overwriting symbol font `operators' in version `normal'
(Font)                  OT1/cmr/m/n --> OT1/lmr/m/n on input line 22.
LaTeX Font Info:    Overwriting symbol font `letters' in version `normal'
(Font)                  OML/cmm/m/it --> OML/lmm/m/it on input line 23.
LaTeX Font Info:    Overwriting symbol font `symbols' in version `normal'
(Font)                  OMS/cmsy/m/n --> OMS/lmsy/m/n on input line 24.
LaTeX Font Info:    Overwriting symbol font `largesymbols' in version `normal'
(Font)                  OMX/cmex/m/n --> OMX/lmex/m/n on input line 25.
LaTeX Font Info:    Overwriting symbol font `operators' in version `bold'
(Font)                  OT1/cmr/bx/n --> OT1/lmr/bx/n on input line 26.
LaTeX Font Info:    Overwriting symbol font `letters' in version `bold'
(Font)                  OML/cmm/b/it --> OML/lmm/b/it on input line 27.
LaTeX Font Info:    Overwriting symbol font `symbols' in version `bold'
(Font)                  OMS/cmsy/b/n --> OMS/lmsy/b/n on input line 28.
LaTeX Font Info:    Overwriting symbol font `largesymbols' in version `bold'
(Font)                  OMX/cmex/m/n --> OMX/lmex/m/n on input line 29.
LaTeX Font Info:    Overwriting math alphabet `\mathbf' in version `normal'
(Font)                  OT1/cmr/bx/n --> OT1/lmr/bx/n on input line 31.
LaTeX Font Info:    Overwriting math alphabet `\mathsf' in version `normal'
(Font)                  OT1/cmss/m/n --> OT1/lmss/m/n on input line 32.
LaTeX Font Info:    Overwriting math alphabet `\mathit' in version `normal'
(Font)                  OT1/cmr/m/it --> OT1/lmr/m/it on input line 33.
LaTeX Font Info:    Overwriting math alphabet `\mathtt' in version `normal'
(Font)                  OT1/cmtt/m/n --> OT1/lmtt/m/n on input line 34.
LaTeX Font Info:    Overwriting math alphabet `\mathbf' in version `bold'
(Font)                  OT1/cmr/bx/n --> OT1/lmr/bx/n on input line 35.
LaTeX Font Info:    Overwriting math alphabet `\mathsf' in version `bold'
(Font)                  OT1/cmss/bx/n --> OT1/lmss/bx/n on input line 36.
LaTeX Font Info:    Overwriting math alphabet `\mathit' in version `bold'
(Font)                  OT1/cmr/bx/it --> OT1/lmr/bx/it on input line 37.
LaTeX Font Info:    Overwriting math alphabet `\mathtt' in version `bold'
(Font)                  OT1/cmtt/m/n --> OT1/lmtt/m/n on input line 38.
) (/usr/local/texlive/2018/texmf-dist/tex/latex/upquote/upquote.sty
Package: upquote 2012/04/19 v1.3 upright-quote and grave-accent glyphs in verba
tim
(/usr/local/texlive/2018/texmf-dist/tex/latex/base/textcomp.sty
Package: textcomp 2017/04/05 v2.0i Standard LaTeX package
Package textcomp Info: Sub-encoding information:
(textcomp)               5 = only ISO-Adobe without \textcurrency
(textcomp)               4 = 5 + \texteuro
(textcomp)               3 = 4 + \textohm
(textcomp)               2 = 3 + \textestimated + \textcurrency
(textcomp)               1 = TS1 - \textcircled - \t
(textcomp)               0 = TS1 (full)
(textcomp)             Font families with sub-encoding setting implement
(textcomp)             only a restricted character set as indicated.
(textcomp)             Family '?' is the default used for unknown fonts.
(textcomp)             See the documentation for details.
Package textcomp Info: Setting ? sub-encoding to TS1/1 on input line 79.
(/usr/local/texlive/2018/texmf-dist/tex/latex/base/ts1enc.def
File: ts1enc.def 2001/06/05 v3.0e (jk/car/fm) Standard LaTeX file
LaTeX Font Info:    Redeclaring font encoding TS1 on input line 47.
)
LaTeX Info: Redefining \oldstylenums on input line 334.
Package textcomp Info: Setting cmr sub-encoding to TS1/0 on input line 349.
Package textcomp Info: Setting cmss sub-encoding to TS1/0 on input line 350.
Package textcomp Info: Setting cmtt sub-encoding to TS1/0 on input line 351.
Package textcomp Info: Setting cmvtt sub-encoding to TS1/0 on input line 352.
Package textcomp Info: Setting cmbr sub-encoding to TS1/0 on input line 353.
Package textcomp Info: Setting cmtl sub-encoding to TS1/0 on input line 354.
Package textcomp Info: Setting ccr sub-encoding to TS1/0 on input line 355.
Package textcomp Info: Setting ptm sub-encoding to TS1/4 on input line 356.
Package textcomp Info: Setting pcr sub-encoding to TS1/4 on input line 357.
Package textcomp Info: Setting phv sub-encoding to TS1/4 on input line 358.
Package textcomp Info: Setting ppl sub-encoding to TS1/3 on input line 359.
Package textcomp Info: Setting pag sub-encoding to TS1/4 on input line 360.
Package textcomp Info: Setting pbk sub-encoding to TS1/4 on input line 361.
Package textcomp Info: Setting pnc sub-encoding to TS1/4 on input line 362.
Package textcomp Info: Setting pzc sub-encoding to TS1/4 on input line 363.
Package textcomp Info: Setting bch sub-encoding to TS1/4 on input line 364.
Package textcomp Info: Setting put sub-encoding to TS1/5 on input line 365.
Package textcomp Info: Setting uag sub-encoding to TS1/5 on input line 366.
Package textcomp Info: Setting ugq sub-encoding to TS1/5 on input line 367.
Package textcomp Info: Setting ul8 sub-encoding to TS1/4 on input line 368.
Package textcomp Info: Setting ul9 sub-encoding to TS1/4 on input line 369.
Package textcomp Info: Setting augie sub-encoding to TS1/5 on input line 370.
Package textcomp Info: Setting dayrom sub-encoding to TS1/3 on input line 371.
Package textcomp Info: Setting dayroms sub-encoding to TS1/3 on input line 372.

Package textcomp Info: Setting pxr sub-encoding to TS1/0 on input line 373.
Package textcomp Info: Setting pxss sub-encoding to TS1/0 on input line 374.
Package textcomp Info: Setting pxtt sub-encoding to TS1/0 on input line 375.
Package textcomp Info: Setting txr sub-encoding to TS1/0 on input line 376.
Package textcomp Info: Setting txss sub-encoding to TS1/0 on input line 377.
Package textcomp Info: Setting txtt sub-encoding to TS1/0 on input line 378.
Package textcomp Info: Setting lmr sub-encoding to TS1/0 on input line 379.
Package textcomp Info: Setting lmdh sub-encoding to TS1/0 on input line 380.
Package textcomp Info: Setting lmss sub-encoding to TS1/0 on input line 381.
Package textcomp Info: Setting lmssq sub-encoding to TS1/0 on input line 382.
Package textcomp Info: Setting lmvtt sub-encoding to TS1/0 on input line 383.
Package textcomp Info: Setting lmtt sub-encoding to TS1/0 on input line 384.
Package textcomp Info: Setting qhv sub-encoding to TS1/0 on input line 385.
Package textcomp Info: Setting qag sub-encoding to TS1/0 on input line 386.
Package textcomp Info: Setting qbk sub-encoding to TS1/0 on input line 387.
Package textcomp Info: Setting qcr sub-encoding to TS1/0 on input line 388.
Package textcomp Info: Setting qcs sub-encoding to TS1/0 on input line 389.
Package textcomp Info: Setting qpl sub-encoding to TS1/0 on input line 390.
Package textcomp Info: Setting qtm sub-encoding to TS1/0 on input line 391.
Package textcomp Info: Setting qzc sub-encoding to TS1/0 on input line 392.
Package textcomp Info: Setting qhvc sub-encoding to TS1/0 on input line 393.
Package textcomp Info: Setting futs sub-encoding to TS1/4 on input line 394.
Package textcomp Info: Setting futx sub-encoding to TS1/4 on input line 395.
Package textcomp Info: Setting futj sub-encoding to TS1/4 on input line 396.
Package textcomp Info: Setting hlh sub-encoding to TS1/3 on input line 397.
Package textcomp Info: Setting hls sub-encoding to TS1/3 on input line 398.
Package textcomp Info: Setting hlst sub-encoding to TS1/3 on input line 399.
Package textcomp Info: Setting hlct sub-encoding to TS1/5 on input line 400.
Package textcomp Info: Setting hlx sub-encoding to TS1/5 on input line 401.
Package textcomp Info: Setting hlce sub-encoding to TS1/5 on input line 402.
Package textcomp Info: Setting hlcn sub-encoding to TS1/5 on input line 403.
Package textcomp Info: Setting hlcw sub-encoding to TS1/5 on input line 404.
Package textcomp Info: Setting hlcf sub-encoding to TS1/5 on input line 405.
Package textcomp Info: Setting pplx sub-encoding to TS1/3 on input line 406.
Package textcomp Info: Setting pplj sub-encoding to TS1/3 on input line 407.
Package textcomp Info: Setting ptmx sub-encoding to TS1/4 on input line 408.
Package textcomp Info: Setting ptmj sub-encoding to TS1/4 on input line 409.
)) (/usr/local/texlive/2018/texmf-dist/tex/latex/microtype/microtype.sty
Package: microtype 2018/01/14 v2.7a Micro-typographical refinements (RS)
\MT@toks=\toks20
\MT@count=\count197
LaTeX Info: Redefining \textls on input line 793.
\MT@outer@kern=\dimen146
LaTeX Info: Redefining \textmicrotypecontext on input line 1339.
\MT@listname@count=\count198
(/usr/local/texlive/2018/texmf-dist/tex/latex/microtype/microtype-xetex.def
File: microtype-xetex.def 2018/01/14 v2.7a Definitions specific to xetex (RS)
LaTeX Info: Redefining \lsstyle on input line 256.
)
Package microtype Info: Loading configuration file microtype.cfg.
(/usr/local/texlive/2018/texmf-dist/tex/latex/microtype/microtype.cfg
File: microtype.cfg 2018/01/14 v2.7a microtype main configuration file (RS)
)) (/usr/local/texlive/2018/texmf-dist/tex/latex/xcolor/xcolor.sty
Package: xcolor 2016/05/11 v2.12 LaTeX color extensions (UK)
(/usr/local/texlive/2018/texmf-dist/tex/latex/graphics-cfg/color.cfg
File: color.cfg 2016/01/02 v1.6 sample color configuration
)
Package xcolor Info: Driver file: xetex.def on input line 225.
(/usr/local/texlive/2018/texmf-dist/tex/latex/graphics-def/xetex.def
File: xetex.def 2017/06/24 v5.0h Graphics/color driver for xetex
)
Package xcolor Info: Model `cmy' substituted by `cmy0' on input line 1348.
Package xcolor Info: Model `RGB' extended on input line 1364.
Package xcolor Info: Model `HTML' substituted by `rgb' on input line 1366.
Package xcolor Info: Model `Hsb' substituted by `hsb' on input line 1367.
Package xcolor Info: Model `tHsb' substituted by `hsb' on input line 1368.
Package xcolor Info: Model `HSB' substituted by `hsb' on input line 1369.
Package xcolor Info: Model `Gray' substituted by `gray' on input line 1370.
Package xcolor Info: Model `wave' substituted by `hsb' on input line 1371.
(/usr/local/texlive/2018/texmf-dist/tex/latex/graphics/dvipsnam.def
File: dvipsnam.def 2016/06/17 v3.0m Driver-dependent file (DPC,SPQR)
) (/usr/local/texlive/2018/texmf-dist/tex/latex/xcolor/svgnam.def
File: svgnam.def 2016/05/11 v2.12 Predefined colors according to SVG 1.1 (UK)
) (/usr/local/texlive/2018/texmf-dist/tex/latex/xcolor/x11nam.def
File: x11nam.def 2016/05/11 v2.12 Predefined colors according to Unix/X11 (UK)
)) (/usr/local/texlive/2018/texmf-dist/tex/latex/fancyvrb/fancyvrb.sty
Package: fancyvrb 2008/02/07

Style option: `fancyvrb' v2.7a, with DG/SPQR fixes, and firstline=lastline fix 
<2008/02/07> (tvz)
\FV@CodeLineNo=\count199
\FV@InFile=\read2
\FV@TabBox=\box45
\c@FancyVerbLine=\count266
\FV@StepNumber=\count267
\FV@OutFile=\write3
) (/usr/local/texlive/2018/texmf-dist/tex/latex/framed/framed.sty
Package: framed 2011/10/22 v 0.96: framed or shaded text with page breaks
\OuterFrameSep=\skip67
\fb@frw=\dimen147
\fb@frh=\dimen148
\FrameRule=\dimen149
\FrameSep=\dimen150
) (/usr/local/texlive/2018/texmf-dist/tex/latex/tools/longtable.sty
Package: longtable 2014/10/28 v4.11 Multi-page Table package (DPC)
\LTleft=\skip68
\LTright=\skip69
\LTpre=\skip70
\LTpost=\skip71
\LTchunksize=\count268
\LTcapwidth=\dimen151
\LT@head=\box46
\LT@firsthead=\box47
\LT@foot=\box48
\LT@lastfoot=\box49
\LT@cols=\count269
\LT@rows=\count270
\c@LT@tables=\count271
\c@LT@chunks=\count272
\LT@p@ftn=\toks21
)
Class scrreprt Info: longtable captions redefined on input line 98.
(/usr/local/texlive/2018/texmf-dist/tex/latex/booktabs/booktabs.sty
Package: booktabs 2016/04/27 v1.618033 publication quality tables
\heavyrulewidth=\dimen152
\lightrulewidth=\dimen153
\cmidrulewidth=\dimen154
\belowrulesep=\dimen155
\belowbottomsep=\dimen156
\aboverulesep=\dimen157
\abovetopsep=\dimen158
\cmidrulesep=\dimen159
\cmidrulekern=\dimen160
\defaultaddspace=\dimen161
\@cmidla=\count273
\@cmidlb=\count274
\@aboverulesep=\dimen162
\@belowrulesep=\dimen163
\@thisruleclass=\count275
\@lastruleclass=\count276
\@thisrulewidth=\dimen164
) (/usr/local/texlive/2018/texmf-dist/tex/latex/tools/array.sty
Package: array 2018/04/07 v2.4g Tabular extension package (FMi)
\col@sep=\dimen165
\ar@mcellbox=\box50
\extrarowheight=\dimen166
\NC@list=\toks22
\extratabsurround=\skip72
\backup@length=\skip73
\ar@cellbox=\box51
) (/usr/local/texlive/2018/texmf-dist/tex/latex/tools/calc.sty
Package: calc 2017/05/25 v4.3 Infix arithmetic (KKT,FJ)
\calc@Acount=\count277
\calc@Bcount=\count278
\calc@Adimen=\dimen167
\calc@Bdimen=\dimen168
\calc@Askip=\skip74
\calc@Bskip=\skip75
LaTeX Info: Redefining \setlength on input line 80.
LaTeX Info: Redefining \addtolength on input line 81.
\calc@Ccount=\count279
\calc@Cskip=\skip76
) (/usr/local/texlive/2018/texmf-dist/tex/latex/etoolbox/etoolbox.sty
Package: etoolbox 2018/02/11 v2.5e e-TeX tools for LaTeX (JAW)
\etb@tempcnta=\count280
) (/usr/local/texlive/2018/texmf-dist/tex/latex/footnotehyper/footnotehyper.sty
Package: footnotehyper 2018/01/23 v1.1 hyperref aware footnote.sty (JFB)
\FNH@notes=\box52
\FNH@width=\dimen169
) (/usr/local/texlive/2018/texmf-dist/tex/latex/graphics/graphicx.sty
Package: graphicx 2017/06/01 v1.1a Enhanced LaTeX Graphics (DPC,SPQR)
(/usr/local/texlive/2018/texmf-dist/tex/latex/graphics/graphics.sty
Package: graphics 2017/06/25 v1.2c Standard LaTeX Graphics (DPC,SPQR)
(/usr/local/texlive/2018/texmf-dist/tex/latex/graphics/trig.sty
Package: trig 2016/01/03 v1.10 sin cos tan (DPC)
) (/usr/local/texlive/2018/texmf-dist/tex/latex/graphics-cfg/graphics.cfg
File: graphics.cfg 2016/06/04 v1.11 sample graphics configuration
)
Package graphics Info: Driver file: xetex.def on input line 99.
)
\Gin@req@height=\dimen170
\Gin@req@width=\dimen171
)
\cslhangindent=\skip77
\csllabelwidth=\skip78
\cslentryspacingunit=\skip79
(/usr/local/texlive/2018/texmf-dist/tex/latex/oberdiek/bookmark.sty
Package: bookmark 2016/05/17 v1.26 PDF bookmarks (HO)
(/usr/local/texlive/2018/texmf-dist/tex/generic/oberdiek/pdfescape.sty
Package: pdfescape 2016/05/16 v1.14 Implements pdfTeX's escape features (HO)
(/usr/local/texlive/2018/texmf-dist/tex/generic/oberdiek/ltxcmds.sty
Package: ltxcmds 2016/05/16 v1.23 LaTeX kernel commands for general use (HO)
) (/usr/local/texlive/2018/texmf-dist/tex/generic/oberdiek/pdftexcmds.sty
Package: pdftexcmds 2018/01/30 v0.27 Utility functions of pdfTeX for LuaTeX (HO
)
(/usr/local/texlive/2018/texmf-dist/tex/generic/oberdiek/infwarerr.sty
Package: infwarerr 2016/05/16 v1.4 Providing info/warning/error messages (HO)
) (/usr/local/texlive/2018/texmf-dist/tex/generic/oberdiek/ifluatex.sty
Package: ifluatex 2016/05/16 v1.4 Provides the ifluatex switch (HO)
Package ifluatex Info: LuaTeX not detected.
) (/usr/local/texlive/2018/texmf-dist/tex/generic/oberdiek/ifpdf.sty
Package: ifpdf 2017/03/15 v3.2 Provides the ifpdf switch
)
Package pdftexcmds Info: LuaTeX not detected.
Package pdftexcmds Info: pdfTeX >= 1.30 not detected.
Package pdftexcmds Info: \pdf@primitive is available.
Package pdftexcmds Info: \pdf@ifprimitive is available.
Package pdftexcmds Info: \pdfdraftmode not found.
)) (/usr/local/texlive/2018/texmf-dist/tex/generic/ifxetex/ifxetex.sty
Package: ifxetex 2010/09/12 v0.6 Provides ifxetex conditional
) (/usr/local/texlive/2018/texmf-dist/tex/generic/oberdiek/ifvtex.sty
Package: ifvtex 2016/05/16 v1.6 Detect VTeX and its facilities (HO)
Package ifvtex Info: VTeX not detected.
) (/usr/local/texlive/2018/texmf-dist/tex/latex/hyperref/hyperref.sty
Package: hyperref 2018/02/06 v6.86b Hypertext links for LaTeX
(/usr/local/texlive/2018/texmf-dist/tex/generic/oberdiek/hobsub-hyperref.sty
Package: hobsub-hyperref 2016/05/16 v1.14 Bundle oberdiek, subset hyperref (HO)

(/usr/local/texlive/2018/texmf-dist/tex/generic/oberdiek/hobsub-generic.sty
Package: hobsub-generic 2016/05/16 v1.14 Bundle oberdiek, subset generic (HO)
Package: hobsub 2016/05/16 v1.14 Construct package bundles (HO)
Package hobsub Info: Skipping package `infwarerr' (already loaded).
Package hobsub Info: Skipping package `ltxcmds' (already loaded).
Package hobsub Info: Skipping package `ifluatex' (already loaded).
Package hobsub Info: Skipping package `ifvtex' (already loaded).
Package: intcalc 2016/05/16 v1.2 Expandable calculations with integers (HO)
Package hobsub Info: Skipping package `ifpdf' (already loaded).
Package: etexcmds 2016/05/16 v1.6 Avoid name clashes with e-TeX commands (HO)
Package etexcmds Info: Could not find \expanded.
(etexcmds)             That can mean that you are not using pdfTeX 1.50 or
(etexcmds)             that some package has redefined \expanded.
(etexcmds)             In the latter case, load this package earlier.
Package: kvsetkeys 2016/05/16 v1.17 Key value parser (HO)
Package: kvdefinekeys 2016/05/16 v1.4 Define keys (HO)
Package hobsub Info: Skipping package `pdftexcmds' (already loaded).
Package hobsub Info: Skipping package `pdfescape' (already loaded).
Package: bigintcalc 2016/05/16 v1.4 Expandable calculations on big integers (HO
)
Package: bitset 2016/05/16 v1.2 Handle bit-vector datatype (HO)
Package: uniquecounter 2016/05/16 v1.3 Provide unlimited unique counter (HO)
)
Package hobsub Info: Skipping package `hobsub' (already loaded).
Package: letltxmacro 2016/05/16 v1.5 Let assignment for LaTeX macros (HO)
Package: hopatch 2016/05/16 v1.3 Wrapper for package hooks (HO)
Package: xcolor-patch 2016/05/16 xcolor patch
Package: atveryend 2016/05/16 v1.9 Hooks at the very end of document (HO)
Package: atbegshi 2016/06/09 v1.18 At begin shipout hook (HO)
Package: refcount 2016/05/16 v3.5 Data extraction from label references (HO)
Package: hycolor 2016/05/16 v1.8 Color options for hyperref/bookmark (HO)
) (/usr/local/texlive/2018/texmf-dist/tex/latex/oberdiek/auxhook.sty
Package: auxhook 2016/05/16 v1.4 Hooks for auxiliary files (HO)
) (/usr/local/texlive/2018/texmf-dist/tex/latex/oberdiek/kvoptions.sty
Package: kvoptions 2016/05/16 v3.12 Key value format for package options (HO)
)
\@linkdim=\dimen172
\Hy@linkcounter=\count281
\Hy@pagecounter=\count282
(/usr/local/texlive/2018/texmf-dist/tex/latex/hyperref/pd1enc.def
File: pd1enc.def 2018/02/06 v6.86b Hyperref: PDFDocEncoding definition (HO)
)
\Hy@SavedSpaceFactor=\count283
(/usr/local/texlive/2018/texmf-dist/tex/latex/latexconfig/hyperref.cfg
File: hyperref.cfg 2002/06/06 v1.2 hyperref configuration of TeXLive
)
Package hyperref Info: Option `unicode' set `true' on input line 4383.
(/usr/local/texlive/2018/texmf-dist/tex/latex/hyperref/puenc.def
File: puenc.def 2018/02/06 v6.86b Hyperref: PDF Unicode definition (HO)
)
Package hyperref Info: Hyper figures OFF on input line 4509.
Package hyperref Info: Link nesting OFF on input line 4514.
Package hyperref Info: Hyper index ON on input line 4517.
Package hyperref Info: Plain pages OFF on input line 4524.
Package hyperref Info: Backreferencing OFF on input line 4529.
Package hyperref Info: Implicit mode ON; LaTeX internals redefined.
Package hyperref Info: Bookmarks ON on input line 4762.
\c@Hy@tempcnt=\count284
(/usr/local/texlive/2018/texmf-dist/tex/latex/url/url.sty
\Urlmuskip=\muskip18
Package: url 2013/09/16  ver 3.4  Verb mode for urls, etc.
)
LaTeX Info: Redefining \url on input line 5115.
\XeTeXLinkMargin=\dimen173
\Fld@menulength=\count285
\Field@Width=\dimen174
\Fld@charsize=\dimen175
Package hyperref Info: Hyper figures OFF on input line 6369.
Package hyperref Info: Link nesting OFF on input line 6374.
Package hyperref Info: Hyper index ON on input line 6377.
Package hyperref Info: backreferencing OFF on input line 6384.
Package hyperref Info: Link coloring OFF on input line 6389.
Package hyperref Info: Link coloring with OCG OFF on input line 6394.
Package hyperref Info: PDF/A mode OFF on input line 6399.
LaTeX Info: Redefining \ref on input line 6439.
LaTeX Info: Redefining \pageref on input line 6443.
\Hy@abspage=\count286
\c@Item=\count287
\c@Hfootnote=\count288
)
Package hyperref Info: Driver (autodetected): hxetex.
(/usr/local/texlive/2018/texmf-dist/tex/latex/hyperref/hxetex.def
File: hxetex.def 2018/02/06 v6.86b Hyperref driver for XeTeX
(/usr/local/texlive/2018/texmf-dist/tex/generic/oberdiek/stringenc.sty
Package: stringenc 2016/05/16 v1.11 Convert strings between diff. encodings (HO
)
)
\pdfm@box=\box53
\c@Hy@AnnotLevel=\count289
\HyField@AnnotCount=\count290
\Fld@listcount=\count291
\c@bookmark@seq@number=\count292
(/usr/local/texlive/2018/texmf-dist/tex/latex/oberdiek/rerunfilecheck.sty
Package: rerunfilecheck 2016/05/16 v1.8 Rerun checks for auxiliary files (HO)
Package uniquecounter Info: New unique counter `rerunfilecheck' on input line 2
82.
)
\Hy@SectionHShift=\skip80
) (/usr/local/texlive/2018/texmf-dist/tex/latex/oberdiek/bkm-dvipdfm.def
File: bkm-dvipdfm.def 2016/05/17 v1.26 bookmark driver for dvipdfm (HO)
\BKM@id=\count293
)) (/usr/local/texlive/2018/texmf-dist/tex/latex/caption/caption.sty
Package: caption 2016/02/21 v3.3-144 Customizing captions (AR)
(/usr/local/texlive/2018/texmf-dist/tex/latex/caption/caption3.sty
Package: caption3 2016/05/22 v1.7-166 caption3 kernel (AR)
Package caption3 Info: TeX engine: e-TeX on input line 67.
\captionmargin=\dimen176
\captionmargin@=\dimen177
\captionwidth=\dimen178
\caption@tempdima=\dimen179
\caption@indent=\dimen180
\caption@parindent=\dimen181
\caption@hangindent=\dimen182
)
Package caption Info: KOMA-Script document class.
\c@ContinuedFloat=\count294
Package caption Info: hyperref package is loaded.
Package caption Info: longtable package is loaded.
(/usr/local/texlive/2018/texmf-dist/tex/latex/caption/ltcaption.sty
Package: ltcaption 2013/06/09 v1.4-94 longtable captions (AR)
)) (/usr/local/texlive/2018/texmf-dist/tex/latex/float/float.sty
Package: float 2001/11/08 v1.3d Float enhancements (AL)
\c@float@type=\count295
\float@exts=\toks23
\float@box=\box54
\@float@everytoks=\toks24
\@floatcapt=\box55
)
\@float@every@codelisting=\toks25
\c@codelisting=\count296
(/usr/local/texlive/2018/texmf-dist/tex/latex/caption/subcaption.sty
Package: subcaption 2016/05/22 v1.1-161 Sub-captions (AR)
\c@subfigure=\count297
\c@subtable=\count298
) (/usr/local/texlive/2018/texmf-dist/tex/latex/xurl/xurl.sty
Package: xurl 2018/01/09 v 0.03 modify URL breaks
)
Package hyperref Info: Option `colorlinks' set `true' on input line 205.
No file index.aux.
\openout1 = `index.aux'.

LaTeX Font Info:    Checking defaults for OML/cmm/m/it on input line 211.
LaTeX Font Info:    ... okay on input line 211.
LaTeX Font Info:    Checking defaults for T1/cmr/m/n on input line 211.
LaTeX Font Info:    ... okay on input line 211.
LaTeX Font Info:    Checking defaults for OT1/cmr/m/n on input line 211.
LaTeX Font Info:    ... okay on input line 211.
LaTeX Font Info:    Checking defaults for OMS/cmsy/m/n on input line 211.
LaTeX Font Info:    ... okay on input line 211.
LaTeX Font Info:    Checking defaults for TU/lmr/m/n on input line 211.
LaTeX Font Info:    ... okay on input line 211.
LaTeX Font Info:    Checking defaults for OMX/cmex/m/n on input line 211.
LaTeX Font Info:    ... okay on input line 211.
LaTeX Font Info:    Checking defaults for U/cmr/m/n on input line 211.
LaTeX Font Info:    ... okay on input line 211.
LaTeX Font Info:    Checking defaults for TS1/cmr/m/n on input line 211.
LaTeX Font Info:    ... okay on input line 211.
LaTeX Font Info:    Checking defaults for PD1/pdf/m/n on input line 211.
LaTeX Font Info:    ... okay on input line 211.
LaTeX Font Info:    Checking defaults for PU/pdf/m/n on input line 211.
LaTeX Font Info:    ... okay on input line 211.
LaTeX Font Info:    Overwriting math alphabet `\mathrm' in version `normal'
(Font)                  OT1/lmr/m/n --> TU/lmr/m/n on input line 211.
LaTeX Font Info:    Overwriting math alphabet `\mathit' in version `normal'
(Font)                  OT1/lmr/m/it --> TU/lmr/m/it on input line 211.
LaTeX Font Info:    Overwriting math alphabet `\mathbf' in version `normal'
(Font)                  OT1/lmr/bx/n --> TU/lmr/bx/n on input line 211.
LaTeX Font Info:    Overwriting math alphabet `\mathsf' in version `normal'
(Font)                  OT1/lmss/m/n --> TU/lmss/m/n on input line 211.
LaTeX Font Info:    Overwriting math alphabet `\mathsf' in version `bold'
(Font)                  OT1/lmss/bx/n --> TU/lmss/bx/n on input line 211.
LaTeX Font Info:    Overwriting math alphabet `\mathtt' in version `normal'
(Font)                  OT1/lmtt/m/n --> TU/lmtt/m/n on input line 211.
LaTeX Font Info:    Overwriting math alphabet `\mathtt' in version `bold'
(Font)                  OT1/lmtt/m/n --> TU/lmtt/bx/n on input line 211.
.................................................
. fontspec info: "set-scale"
. 
. latinmodern-math scale = 1.
.................................................
\g__fontspec_family_latinmodern-math.otf_int=\count299
.................................................
. fontspec info: "set-scale"
. 
. latinmodern-math scale = 1.
.................................................
.................................................
. fontspec info: "set-scale"
. 
. latinmodern-math scale = 1.
.................................................
.................................................
. fontspec info: "defining-font"
. 
. Font family 'latinmodern-math.otf(0)' created for font
. 'latinmodern-math.otf' with options
. [Scale=MatchLowercase,BoldItalicFont={},ItalicFont={},Script=Math,BoldFont={l
atinmodern-math.otf}].
.  
.  This font family consists of the following NFSS series/shapes:
.  
. - 'normal' (m/n) with NFSS spec.:
. <->s*[1]"[latinmodern-math.otf]/OT:script=math;language=DFLT;"
. - 'small caps'  (m/sc) with NFSS spec.: 
. - 'bold' (bx/n) with NFSS spec.:
. <->s*[1]"[latinmodern-math.otf]/OT:script=math;language=DFLT;"
. - 'bold small caps'  (bx/sc) with NFSS spec.: 
.................................................
LaTeX Font Info:    Font shape `TU/latinmodern-math.otf(0)/m/n' will be
(Font)              scaled to size 10.95pt on input line 211.
.................................................
. fontspec info: "set-scale"
. 
. latinmodern-math scale = 1.
.................................................
.................................................
. fontspec info: "set-scale"
. 
. latinmodern-math scale = 1.
.................................................
.................................................
. fontspec info: "set-scale"
. 
. latinmodern-math scale = 1.
.................................................
.................................................
. fontspec info: "set-scale"
. 
. latinmodern-math scale = 1.
.................................................
.................................................
. fontspec info: "set-scale"
. 
. latinmodern-math scale = 1.
.................................................
.................................................
. fontspec info: "defining-font"
. 
. Font family 'latinmodern-math.otf(1)' created for font
. 'latinmodern-math.otf' with options
. [Scale=MatchLowercase,BoldItalicFont={},ItalicFont={},Script=Math,SizeFeature
s={{Size=9.475-},{Size=7-9.475,Font=latinmodern-math.otf,Style=MathScript},{Siz
e=-7,Font=latinmodern-math.otf,Style=MathScriptScript}},BoldFont={latinmodern-m
ath.otf}].
.  
.  This font family consists of the following NFSS series/shapes:
.  
. - 'normal' (m/n) with NFSS spec.:
. <9.475->s*[1]"[latinmodern-math.otf]/OT:script=math;language=DFLT;"<7-9.475>s
*[1]"[latinmodern-math.otf]/OT:script=math;language=DFLT;+ssty=0;"<-7>s*[1]"[la
tinmodern-math.otf]/OT:script=math;language=DFLT;+ssty=1;"
. - 'small caps'  (m/sc) with NFSS spec.: 
. - 'bold' (bx/n) with NFSS spec.:
. <->s*[1]"[latinmodern-math.otf]/OT:script=math;language=DFLT;"
. - 'bold small caps'  (bx/sc) with NFSS spec.: 
.................................................
LaTeX Font Info:    Font shape `TU/latinmodern-math.otf(1)/m/n' will be
(Font)              scaled to size 10.95pt on input line 211.
LaTeX Font Info:    Encoding `OT1' has changed to `TU' for symbol font
(Font)              `operators' in the math version `normal' on input line 211.

LaTeX Font Info:    Overwriting symbol font `operators' in version `normal'
(Font)                  OT1/lmr/m/n --> TU/latinmodern-math.otf(1)/m/n on input
 line 211.
LaTeX Font Info:    Encoding `OT1' has changed to `TU' for symbol font
(Font)              `operators' in the math version `bold' on input line 211.
LaTeX Font Info:    Overwriting symbol font `operators' in version `bold'
(Font)                  OT1/lmr/bx/n --> TU/latinmodern-math.otf(1)/bx/n on inp
ut line 211.
.................................................
. fontspec info: "set-scale"
. 
. latinmodern-math scale = 1.
.................................................
.................................................
. fontspec info: "set-scale"
. 
. latinmodern-math scale = 1.
.................................................
.................................................
. fontspec info: "set-scale"
. 
. latinmodern-math scale = 1.
.................................................
.................................................
. fontspec info: "set-scale"
. 
. latinmodern-math scale = 1.
.................................................
.................................................
. fontspec info: "set-scale"
. 
. latinmodern-math scale = 1.
.................................................
.................................................
. fontspec info: "defining-font"
. 
. Font family 'latinmodern-math.otf(2)' created for font
. 'latinmodern-math.otf' with options
. [Scale=MatchLowercase,BoldItalicFont={},ItalicFont={},Script=Math,SizeFeature
s={{Size=9.475-},{Size=7-9.475,Font=latinmodern-math.otf,Style=MathScript},{Siz
e=-7,Font=latinmodern-math.otf,Style=MathScriptScript}},BoldFont={latinmodern-m
ath.otf},Scale=1.00001,FontAdjustment={\fontdimen
. 8\font =7.41315pt\relax \fontdimen 9\font =4.3143pt\relax \fontdimen 10\font
. =4.8618pt\relax \fontdimen 11\font =7.5117pt\relax \fontdimen 12\font
. =3.77776pt\relax \fontdimen 13\font =3.97485pt\relax \fontdimen 14\font
. =3.97485pt\relax \fontdimen 15\font =3.16455pt\relax \fontdimen 16\font
. =2.70465pt\relax \fontdimen 17\font =2.70465pt\relax \fontdimen 18\font
. =2.7375pt\relax \fontdimen 19\font =2.19pt\relax \fontdimen 22\font
. =2.7375pt\relax \fontdimen 20\font =0pt\relax \fontdimen 21\font =0pt\relax
. }].
.  
.  This font family consists of the following NFSS series/shapes:
.  
. - 'normal' (m/n) with NFSS spec.:
. <9.475->s*[1.00001]"[latinmodern-math.otf]/OT:script=math;language=DFLT;"<7-9
.475>s*[1.00001]"[latinmodern-math.otf]/OT:script=math;language=DFLT;+ssty=0;"<
-7>s*[1.00001]"[latinmodern-math.otf]/OT:script=math;language=DFLT;+ssty=1;"
. - 'small caps'  (m/sc) with NFSS spec.: 
. and font adjustment code:
. \fontdimen 8\font =7.41315pt\relax \fontdimen 9\font =4.3143pt\relax
. \fontdimen 10\font =4.8618pt\relax \fontdimen 11\font =7.5117pt\relax
. \fontdimen 12\font =3.77776pt\relax \fontdimen 13\font =3.97485pt\relax
. \fontdimen 14\font =3.97485pt\relax \fontdimen 15\font =3.16455pt\relax
. \fontdimen 16\font =2.70465pt\relax \fontdimen 17\font =2.70465pt\relax
. \fontdimen 18\font =2.7375pt\relax \fontdimen 19\font =2.19pt\relax
. \fontdimen 22\font =2.7375pt\relax \fontdimen 20\font =0pt\relax \fontdimen
. 21\font =0pt\relax 
. - 'bold' (bx/n) with NFSS spec.:
. <->s*[1.00001]"[latinmodern-math.otf]/OT:script=math;language=DFLT;"
. - 'bold small caps'  (bx/sc) with NFSS spec.: 
. and font adjustment code:
. \fontdimen 8\font =7.41315pt\relax \fontdimen 9\font =4.3143pt\relax
. \fontdimen 10\font =4.8618pt\relax \fontdimen 11\font =7.5117pt\relax
. \fontdimen 12\font =3.77776pt\relax \fontdimen 13\font =3.97485pt\relax
. \fontdimen 14\font =3.97485pt\relax \fontdimen 15\font =3.16455pt\relax
. \fontdimen 16\font =2.70465pt\relax \fontdimen 17\font =2.70465pt\relax
. \fontdimen 18\font =2.7375pt\relax \fontdimen 19\font =2.19pt\relax
. \fontdimen 22\font =2.7375pt\relax \fontdimen 20\font =0pt\relax \fontdimen
. 21\font =0pt\relax 
.................................................
LaTeX Font Info:    Encoding `OMS' has changed to `TU' for symbol font
(Font)              `symbols' in the math version `normal' on input line 211.
LaTeX Font Info:    Overwriting symbol font `symbols' in version `normal'
(Font)                  OMS/lmsy/m/n --> TU/latinmodern-math.otf(2)/m/n on inpu
t line 211.
LaTeX Font Info:    Encoding `OMS' has changed to `TU' for symbol font
(Font)              `symbols' in the math version `bold' on input line 211.
LaTeX Font Info:    Overwriting symbol font `symbols' in version `bold'
(Font)                  OMS/lmsy/b/n --> TU/latinmodern-math.otf(2)/bx/n on inp
ut line 211.
.................................................
. fontspec info: "set-scale"
. 
. latinmodern-math scale = 1.
.................................................
.................................................
. fontspec info: "set-scale"
. 
. latinmodern-math scale = 1.
.................................................
.................................................
. fontspec info: "set-scale"
. 
. latinmodern-math scale = 1.
.................................................
.................................................
. fontspec info: "set-scale"
. 
. latinmodern-math scale = 1.
.................................................
.................................................
. fontspec info: "set-scale"
. 
. latinmodern-math scale = 1.
.................................................
.................................................
. fontspec info: "defining-font"
. 
. Font family 'latinmodern-math.otf(3)' created for font
. 'latinmodern-math.otf' with options
. [Scale=MatchLowercase,BoldItalicFont={},ItalicFont={},Script=Math,SizeFeature
s={{Size=9.475-},{Size=7-9.475,Font=latinmodern-math.otf,Style=MathScript},{Siz
e=-7,Font=latinmodern-math.otf,Style=MathScriptScript}},BoldFont={latinmodern-m
ath.otf},Scale=0.99999,FontAdjustment={\fontdimen
. 8\font =0.438pt\relax \fontdimen 9\font =2.19pt\relax \fontdimen 10\font
. =1.82864pt\relax \fontdimen 11\font =1.21545pt\relax \fontdimen 12\font
. =6.56999pt\relax \fontdimen 13\font =0pt\relax }].
.  
.  This font family consists of the following NFSS series/shapes:
.  
. - 'normal' (m/n) with NFSS spec.:
. <9.475->s*[0.99999]"[latinmodern-math.otf]/OT:script=math;language=DFLT;"<7-9
.475>s*[0.99999]"[latinmodern-math.otf]/OT:script=math;language=DFLT;+ssty=0;"<
-7>s*[0.99999]"[latinmodern-math.otf]/OT:script=math;language=DFLT;+ssty=1;"
. - 'small caps'  (m/sc) with NFSS spec.: 
. and font adjustment code:
. \fontdimen 8\font =0.438pt\relax \fontdimen 9\font =2.19pt\relax \fontdimen
. 10\font =1.82864pt\relax \fontdimen 11\font =1.21545pt\relax \fontdimen
. 12\font =6.56999pt\relax \fontdimen 13\font =0pt\relax 
. - 'bold' (bx/n) with NFSS spec.:
. <->s*[0.99999]"[latinmodern-math.otf]/OT:script=math;language=DFLT;"
. - 'bold small caps'  (bx/sc) with NFSS spec.: 
. and font adjustment code:
. \fontdimen 8\font =0.438pt\relax \fontdimen 9\font =2.19pt\relax \fontdimen
. 10\font =1.82864pt\relax \fontdimen 11\font =1.21545pt\relax \fontdimen
. 12\font =6.56999pt\relax \fontdimen 13\font =0pt\relax 
.................................................
LaTeX Font Info:    Encoding `OMX' has changed to `TU' for symbol font
(Font)              `largesymbols' in the math version `normal' on input line 2
11.
LaTeX Font Info:    Overwriting symbol font `largesymbols' in version `normal'
(Font)                  OMX/lmex/m/n --> TU/latinmodern-math.otf(3)/m/n on inpu
t line 211.
LaTeX Font Info:    Encoding `OMX' has changed to `TU' for symbol font
(Font)              `largesymbols' in the math version `bold' on input line 211
.
LaTeX Font Info:    Overwriting symbol font `largesymbols' in version `bold'
(Font)                  OMX/lmex/m/n --> TU/latinmodern-math.otf(3)/bx/n on inp
ut line 211.
LaTeX Info: Redefining \microtypecontext on input line 211.
Package microtype Info: Character protrusion enabled (level 2).
Package microtype Info: Using protrusion set `basicmath'.
Package microtype Info: No adjustment of tracking.
Package microtype Info: No adjustment of spacing.
Package microtype Info: No adjustment of kerning.

(/usr/local/texlive/2018/texmf-dist/tex/latex/microtype/mt-LatinModernRoman.cfg
File: mt-LatinModernRoman.cfg 2013/03/13 v1.0 microtype config. file: Latin Mod
ern Roman (RS)
)
\AtBeginShipoutBox=\box56
Package hyperref Info: Link coloring ON on input line 211.
(/usr/local/texlive/2018/texmf-dist/tex/latex/hyperref/nameref.sty
Package: nameref 2016/05/21 v2.44 Cross-referencing by name of section
(/usr/local/texlive/2018/texmf-dist/tex/generic/oberdiek/gettitlestring.sty
Package: gettitlestring 2016/05/16 v1.5 Cleanup title references (HO)
)
\c@section@level=\count300
)
LaTeX Info: Redefining \ref on input line 211.
LaTeX Info: Redefining \pageref on input line 211.
LaTeX Info: Redefining \nameref on input line 211.

Package hyperref Warning: Rerun to get /PageLabels entry.

Package caption Info: Begin \AtBeginDocument code.
Package caption Info: float package is loaded.
Package caption Info: End \AtBeginDocument code.
Package microtype Info: Loading generic protrusion settings for font family
(microtype)             `lmss' (encoding: TU).
(microtype)             For optimal results, create family-specific settings.
(microtype)             See the microtype manual for details.
LaTeX Font Info:    Font shape `TU/latinmodern-math.otf(1)/m/n' will be
(Font)              scaled to size 14.4pt on input line 213.
LaTeX Font Info:    Font shape `TU/latinmodern-math.otf(1)/m/n' will be
(Font)              scaled to size 10.0pt on input line 213.
LaTeX Font Info:    Font shape `TU/latinmodern-math.otf(1)/m/n' will be
(Font)              scaled to size 7.0pt on input line 213.
LaTeX Font Info:    Try loading font information for OML+lmm on input line 213.

(/usr/local/texlive/2018/texmf-dist/tex/latex/lm/omllmm.fd
File: omllmm.fd 2009/10/30 v1.6 Font defs for Latin Modern
)
LaTeX Font Info:    Font shape `TU/latinmodern-math.otf(2)/m/n' will be
(Font)              scaled to size 14.4002pt on input line 213.
LaTeX Font Info:    Font shape `TU/latinmodern-math.otf(2)/m/n' will be
(Font)              scaled to size 10.00015pt on input line 213.
LaTeX Font Info:    Font shape `TU/latinmodern-math.otf(2)/m/n' will be
(Font)              scaled to size 7.0001pt on input line 213.
LaTeX Font Info:    Font shape `TU/latinmodern-math.otf(3)/m/n' will be
(Font)              scaled to size 14.39977pt on input line 213.
LaTeX Font Info:    Font shape `TU/latinmodern-math.otf(3)/m/n' will be
(Font)              scaled to size 9.99985pt on input line 213.
LaTeX Font Info:    Font shape `TU/latinmodern-math.otf(3)/m/n' will be
(Font)              scaled to size 6.9999pt on input line 213.
LaTeX Font Info:    Try loading font information for U+msa on input line 213.
(/usr/local/texlive/2018/texmf-dist/tex/latex/amsfonts/umsa.fd
File: umsa.fd 2013/01/14 v3.01 AMS symbols A
) (/usr/local/texlive/2018/texmf-dist/tex/latex/microtype/mt-msa.cfg
File: mt-msa.cfg 2006/02/04 v1.1 microtype config. file: AMS symbols (a) (RS)
)
LaTeX Font Info:    Try loading font information for U+msb on input line 213.
(/usr/local/texlive/2018/texmf-dist/tex/latex/amsfonts/umsb.fd
File: umsb.fd 2013/01/14 v3.01 AMS symbols B
) (/usr/local/texlive/2018/texmf-dist/tex/latex/microtype/mt-msb.cfg
File: mt-msb.cfg 2005/06/01 v1.0 microtype config. file: AMS symbols (b) (RS)
) [1



]
Package tocbasic Info: character protrusion at toc deactivated on input line 21
7.
\tf@toc=\write4
\openout4 = `index.toc'.

[2

] [3

] [4]
chapter 1.

Class scrreprt Warning: \float@addtolists detected!
(scrreprt)              Implementation of \float@addtolist became
(scrreprt)              deprecated in KOMA-Script v3.01 2008/11/14 and
(scrreprt)              has been replaced by several more flexible
(scrreprt)              features of package `tocbasic`.
(scrreprt)              Since Version 3.12 support for deprecated
(scrreprt)              \float@addtolist interface has been
(scrreprt)              restricted to only some of the KOMA-Script
(scrreprt)              features and been removed from others.
(scrreprt)              Loading of package `scrhack' may help to
(scrreprt)              avoid this warning, if you are using a
(scrreprt)              a package that still implements the
(scrreprt)              deprecated \float@addtolist interface .

[5

] [6] [7] [8]
part I.
Package scrkbase Info: You've told me to use the font selection of the element
(scrkbase)             `partprefix' that is an alias of element `partnumber'
(scrkbase)              on input line 502.
[9

]
chapter 2.
[10

] [11]
chapter 3.
LaTeX Font Info:    Font shape `TU/latinmodern-math.otf(1)/m/n' will be
(Font)              scaled to size 7.67853pt on input line 582.
LaTeX Font Info:    Font shape `TU/latinmodern-math.otf(1)/m/n' will be
(Font)              scaled to size 5.4539pt on input line 582.
LaTeX Font Info:    Font shape `TU/latinmodern-math.otf(2)/m/n' will be
(Font)              scaled to size 10.95015pt on input line 582.
LaTeX Font Info:    Font shape `TU/latinmodern-math.otf(2)/m/n' will be
(Font)              scaled to size 7.67863pt on input line 582.
LaTeX Font Info:    Font shape `TU/latinmodern-math.otf(2)/m/n' will be
(Font)              scaled to size 5.45398pt on input line 582.
LaTeX Font Info:    Font shape `TU/latinmodern-math.otf(3)/m/n' will be
(Font)              scaled to size 10.94983pt on input line 582.
LaTeX Font Info:    Font shape `TU/latinmodern-math.otf(3)/m/n' will be
(Font)              scaled to size 7.6784pt on input line 582.
LaTeX Font Info:    Font shape `TU/latinmodern-math.otf(3)/m/n' will be
(Font)              scaled to size 5.45381pt on input line 582.
[12

] [13] [14]
File: intro_markdown_files/figure-pdf/unnamed-chunk-5-1.pdf Graphic file (type 
pdf)
<use intro_markdown_files/figure-pdf/unnamed-chunk-5-1.pdf>
[15] [16] [17] [18]
chapter 4.
File: intro_linear_regression_files/figure-pdf/RegressionCheck-1.pdf Graphic fi
le (type pdf)
<use intro_linear_regression_files/figure-pdf/RegressionCheck-1.pdf>
[19

] [20] [21]
File: intro_linear_regression_files/figure-pdf/LinearRegressionPlot-1.pdf Graph
ic file (type pdf)
<use intro_linear_regression_files/figure-pdf/LinearRegressionPlot-1.pdf>
[22]
Overfull \hbox (0.94409pt too wide) in paragraph at lines 1172--1172
\TU/lmr/m/n/10.95 0.836|  
 []


Overfull \hbox (0.67035pt too wide) in paragraph at lines 1174--1174
[]|\TU/lmr/m/n/10.95 0.838 
 []


Overfull \hbox (0.94409pt too wide) in paragraph at lines 1174--1174
\TU/lmr/m/n/10.95 0.834|  
 []


Package longtable Warning: Column widths have changed
(longtable)                in table 4.1 on input line 1175.

[23]
File: intro_linear_regression_files/figure-pdf/unnamed-chunk-3-1.pdf Graphic fi
le (type pdf)
<use intro_linear_regression_files/figure-pdf/unnamed-chunk-3-1.pdf>
[24] [25] [26]
Overfull \hbox (13.13986pt too wide) in paragraph at lines 1383--1383
[] \TU/lmtt/m/n/10.95 [1] 2 2 2 2 2 2 2 2 2 2 2 2 2 2 2 2 2 2 2 2 2 2 2 2 2 2 2
 2 2 2 3 3 3 3 3 3 3 3[] 
 []


Overfull \hbox (13.13986pt too wide) in paragraph at lines 1383--1383
[]\TU/lmtt/m/n/10.95 [39] 3 3 3 3 3 3 3 3 3 3 3 3 3 3 3 3 3 3 3 3 3 3 1 1 1 1 1
 1 1 1 1 1 1 1 1 1 1 1[] 
 []

[27] [28] [29] [30]
File: intro_linear_regression_files/figure-pdf/unnamed-chunk-8-1.pdf Graphic fi
le (type pdf)
<use intro_linear_regression_files/figure-pdf/unnamed-chunk-8-1.pdf>
File: intro_linear_regression_files/figure-pdf/unnamed-chunk-8-2.pdf Graphic fi
le (type pdf)
<use intro_linear_regression_files/figure-pdf/unnamed-chunk-8-2.pdf>
[31]
File: intro_linear_regression_files/figure-pdf/unnamed-chunk-8-3.pdf Graphic fi
le (type pdf)
<use intro_linear_regression_files/figure-pdf/unnamed-chunk-8-3.pdf>
File: intro_linear_regression_files/figure-pdf/unnamed-chunk-8-4.pdf Graphic fi
le (type pdf)
<use intro_linear_regression_files/figure-pdf/unnamed-chunk-8-4.pdf>
[32]
File: intro_linear_regression_files/figure-pdf/ConditionsForRegression-1.pdf Gr
aphic file (type pdf)
<use intro_linear_regression_files/figure-pdf/ConditionsForRegression-1.pdf>
File: intro_linear_regression_files/figure-pdf/unnamed-chunk-9-1.pdf Graphic fi
le (type pdf)
<use intro_linear_regression_files/figure-pdf/unnamed-chunk-9-1.pdf>
[33]
File: intro_linear_regression_files/figure-pdf/ConditionsForRegression2-1.pdf G
raphic file (type pdf)
<use intro_linear_regression_files/figure-pdf/ConditionsForRegression2-1.pdf>

Overfull \hbox (18.88861pt too wide) in paragraph at lines 1726--1726
[]\TU/lmtt/m/n/10.95 Error in []$<-.data.frame[]([]*tmp*[], predicted, value = 
c([]1[] = 31.630301617421,  :[] 
 []

[34] [35]
chapter 5.
[36

]
LaTeX Font Info:    Font shape `TU/lmtt/bx/n' in size <10.95> not available
(Font)              Font shape `TU/lmtt/b/n' tried instead on input line 1844.
[37] [38] [39] [40] [41] [42] [43] [44] [45] [46]
LaTeX Font Info:    Font shape `TU/latinmodern-math.otf(1)/m/n' will be
(Font)              scaled to size 9.0pt on input line 2485.
LaTeX Font Info:    Font shape `TU/latinmodern-math.otf(1)/m/n' will be
(Font)              scaled to size 6.0pt on input line 2485.
LaTeX Font Info:    Font shape `TU/latinmodern-math.otf(1)/m/n' will be
(Font)              scaled to size 5.0pt on input line 2485.
LaTeX Font Info:    Font shape `TU/latinmodern-math.otf(2)/m/n' will be
(Font)              scaled to size 9.00014pt on input line 2485.
LaTeX Font Info:    Font shape `TU/latinmodern-math.otf(2)/m/n' will be
(Font)              scaled to size 6.00009pt on input line 2485.
LaTeX Font Info:    Font shape `TU/latinmodern-math.otf(2)/m/n' will be
(Font)              scaled to size 5.00008pt on input line 2485.
LaTeX Font Info:    Font shape `TU/latinmodern-math.otf(3)/m/n' will be
(Font)              scaled to size 8.99986pt on input line 2485.
LaTeX Font Info:    Font shape `TU/latinmodern-math.otf(3)/m/n' will be
(Font)              scaled to size 5.99991pt on input line 2485.
LaTeX Font Info:    Font shape `TU/latinmodern-math.otf(3)/m/n' will be
(Font)              scaled to size 4.99992pt on input line 2485.
[47]
File: r_tips_files/figure-pdf/unnamed-chunk-11-1.pdf Graphic file (type pdf)
<use r_tips_files/figure-pdf/unnamed-chunk-11-1.pdf>
[48] [49]
chapter 6.
[50

]

Package longtable Warning: Column widths have changed
(longtable)                in table 6.1 on input line 2672.

[51] [52]

Package longtable Warning: Column widths have changed
(longtable)                in table 6.2 on input line 2752.

[53] [54]
chapter 7.
[55

] [56]
Overfull \hbox (7.39108pt too wide) in paragraph at lines 2967--2967
[]\TU/lmtt/m/n/10.95 ==========================================================
=====================[] 
 []


Overfull \hbox (7.39111pt too wide) in paragraph at lines 2967--2967
[]                    \TU/lmtt/m/n/10.95 --------------------------------------
---------------------[] 
 []


Overfull \hbox (7.39111pt too wide) in paragraph at lines 2967--2967
[]\TU/lmtt/m/n/10.95 ----------------------------------------------------------
---------------------[] 
 []


Overfull \hbox (7.39111pt too wide) in paragraph at lines 2967--2967
[]\TU/lmtt/m/n/10.95 ----------------------------------------------------------
---------------------[] 
 []


Overfull \hbox (7.39111pt too wide) in paragraph at lines 2967--2967
[]\TU/lmtt/m/n/10.95 F Statistic         0.009 (df = 1; 110) 1.241 (df = 2; 109
) 1.861 (df = 3; 108)[] 
 []


Overfull \hbox (7.39108pt too wide) in paragraph at lines 2967--2967
[]\TU/lmtt/m/n/10.95 ==========================================================
=====================[] 
 []


Overfull \hbox (7.39111pt too wide) in paragraph at lines 2967--2967
[]\TU/lmtt/m/n/10.95 Note:                                               *p<0.1
; **p<0.05; ***p<0.01[] 
 []

[57] [58] [59]
LaTeX Font Info:    Font shape `TU/latinmodern-math.otf(1)/m/n' will be
(Font)              scaled to size 8.0pt on input line 3144.
LaTeX Font Info:    Font shape `TU/latinmodern-math.otf(2)/m/n' will be
(Font)              scaled to size 8.00012pt on input line 3144.
LaTeX Font Info:    Font shape `TU/latinmodern-math.otf(3)/m/n' will be
(Font)              scaled to size 7.99988pt on input line 3144.
[60] [61] [62] [63]
chapter 8.
LaTeX Font Info:    Font shape `TU/lmtt/bx/n' in size <20.74> not available
(Font)              Font shape `TU/lmtt/b/n' tried instead on input line 3273.
[64

]

Package longtable Warning: Column widths have changed
(longtable)                in table 8.1 on input line 3361.

LaTeX Font Info:    Font shape `TU/lmtt/bx/n' in size <14.4> not available
(Font)              Font shape `TU/lmtt/b/n' tried instead on input line 3365.

Package longtable Warning: Column widths have changed
(longtable)                in table 8.2 on input line 3389.

[65] [66]
chapter 9.
[67

] [68]

Package longtable Warning: Column widths have changed
(longtable)                in table 9.1 on input line 3467.

[69] [70] [71]
Overfull \hbox (76.3761pt too wide) in paragraph at lines 3628--3628
[]\TU/lmtt/m/n/10.95 y_{i} = \gamma_{0} + \gamma_{1} sector_{j[i]} + \beta_{1} 
ses_{i} + u_{j[i]} + \epsilon_{i}[] 
 []


Overfull \hbox (30.38611pt too wide) in paragraph at lines 3640--3640
[]\TU/lmtt/m/n/10.95 \epsilon_i \sim N( 0, \sigma^2_y ), \mbox{ and } u_{j} \si
m N( 0, \sigma^2_\alpha )[] 
 []

[72] [73]
Overfull \hbox (59.12985pt too wide) in paragraph at lines 3755--3755
[]  \TU/lmtt/m/n/10.95 \gamma_{11} sector_j ses_{ij} + \left(u_{0j} + u_{1j} se
s_{ij} + \epsilon_{ij} \right)[] 
 []

[74] [75] [76]
chapter 10.
[77

] [78] [79] [80] [81]
chapter 11.
[82

] [83]
File: intro_missing_data_files/figure-pdf/unnamed-chunk-3-1.pdf Graphic file (t
ype pdf)
<use intro_missing_data_files/figure-pdf/unnamed-chunk-3-1.pdf>
[84]
File: intro_missing_data_files/figure-pdf/unnamed-chunk-5-1.pdf Graphic file (t
ype pdf)
<use intro_missing_data_files/figure-pdf/unnamed-chunk-5-1.pdf>
[85]
File: intro_missing_data_files/figure-pdf/unnamed-chunk-6-1.pdf Graphic file (t
ype pdf)
<use intro_missing_data_files/figure-pdf/unnamed-chunk-6-1.pdf>
[86] [87]
Overfull \hbox (7.39111pt too wide) in paragraph at lines 4487--4487
[]  \TU/lmtt/m/n/10.95 5  10  25  26  27  32  33  34  35  36  37  39  42  43  4
5  46  52  53  54  55[] 
 []


Overfull \hbox (7.39111pt too wide) in paragraph at lines 4487--4487
[]  \TU/lmtt/m/n/10.95 5  10  25  26  27  32  33  34  35  36  37  39  42  43  4
5  46  52  53  54  55[] 
 []

[88] [89] [90] [91] [92]
File: intro_missing_data_files/figure-pdf/unnamed-chunk-21-1.pdf Graphic file (
type pdf)
<use intro_missing_data_files/figure-pdf/unnamed-chunk-21-1.pdf>
[93]
File: intro_missing_data_files/figure-pdf/unnamed-chunk-21-2.pdf Graphic file (
type pdf)
<use intro_missing_data_files/figure-pdf/unnamed-chunk-21-2.pdf>
[94] [95] [96]
File: intro_missing_data_files/figure-pdf/unnamed-chunk-28-1.pdf Graphic file (
type pdf)
<use intro_missing_data_files/figure-pdf/unnamed-chunk-28-1.pdf>
[97]
File: intro_missing_data_files/figure-pdf/unnamed-chunk-28-2.pdf Graphic file (
type pdf)
<use intro_missing_data_files/figure-pdf/unnamed-chunk-28-2.pdf>
[98] [99]
File: intro_missing_data_files/figure-pdf/unnamed-chunk-30-1.pdf Graphic file (
type pdf)
<use intro_missing_data_files/figure-pdf/unnamed-chunk-30-1.pdf>
File: intro_missing_data_files/figure-pdf/unnamed-chunk-30-2.pdf Graphic file (
type pdf)
<use intro_missing_data_files/figure-pdf/unnamed-chunk-30-2.pdf>
[100] [101] [102] [103] [104] [105] [106] [107] [108] [109] [110] [111]
Overfull \hbox (7.39111pt too wide) in paragraph at lines 5798--5798
[]\TU/lmtt/m/n/10.95 XXXXXXX XXXXX.X XXXX.XX XXX.... X...... XXXXX.. XXXX... XX
..... XXX.XXX XXXXXX.[] 
 []


Overfull \hbox (7.39111pt too wide) in paragraph at lines 5798--5798
[]    \TU/lmtt/m/n/10.95 224      21      10       6       5       5       4   
    3       3       3[] 
 []

[112] [113]
File: intro_missing_data_files/figure-pdf/unnamed-chunk-47-1.pdf Graphic file (
type pdf)
<use intro_missing_data_files/figure-pdf/unnamed-chunk-47-1.pdf>
[114] [115] [116] [117] [118] [119] [120]
Overfull \hbox (13.13986pt too wide) in paragraph at lines 6235--6235
[] \TU/lmtt/m/n/10.95 [1]   6  12  14  37  11  65  22  13  63  23  24  64 115  
66  44  23  20  59  40[] 
 []

[121]
File: intro_missing_data_files/figure-pdf/amelia-1.pdf Graphic file (type pdf)
<use intro_missing_data_files/figure-pdf/amelia-1.pdf>
[122] [123]
File: intro_missing_data_files/figure-pdf/unnamed-chunk-56-1.pdf Graphic file (
type pdf)
<use intro_missing_data_files/figure-pdf/unnamed-chunk-56-1.pdf>
[124] [125]
part II.
Package scrkbase Info: You've told me to use the font selection of the element
(scrkbase)             `partprefix' that is an alias of element `partnumber'
(scrkbase)              on input line 6447.
[126

]
chapter 12.
File: intro_ggplot_files/figure-pdf/unnamed-chunk-2-1.pdf Graphic file (type pd
f)
<use intro_ggplot_files/figure-pdf/unnamed-chunk-2-1.pdf>
[127

]
File: intro_ggplot_files/figure-pdf/unnamed-chunk-3-1.pdf Graphic file (type pd
f)
<use intro_ggplot_files/figure-pdf/unnamed-chunk-3-1.pdf>
[128]
File: intro_ggplot_files/figure-pdf/unnamed-chunk-4-1.pdf Graphic file (type pd
f)
<use intro_ggplot_files/figure-pdf/unnamed-chunk-4-1.pdf>
[129]
File: intro_ggplot_files/figure-pdf/unnamed-chunk-5-1.pdf Graphic file (type pd
f)
<use intro_ggplot_files/figure-pdf/unnamed-chunk-5-1.pdf>
[130]
File: intro_ggplot_files/figure-pdf/unnamed-chunk-6-1.pdf Graphic file (type pd
f)
<use intro_ggplot_files/figure-pdf/unnamed-chunk-6-1.pdf>
[131]
File: intro_ggplot_files/figure-pdf/unnamed-chunk-7-1.pdf Graphic file (type pd
f)
<use intro_ggplot_files/figure-pdf/unnamed-chunk-7-1.pdf>
[132]
File: intro_ggplot_files/figure-pdf/unnamed-chunk-8-1.pdf Graphic file (type pd
f)
<use intro_ggplot_files/figure-pdf/unnamed-chunk-8-1.pdf>
[133]
File: intro_ggplot_files/figure-pdf/unnamed-chunk-10-1.pdf Graphic file (type p
df)
<use intro_ggplot_files/figure-pdf/unnamed-chunk-10-1.pdf>
[134] [135]
chapter 13.
[136

] [137]
File: summary_plots_files/figure-pdf/unnamed-chunk-3-1.pdf Graphic file (type p
df)
<use summary_plots_files/figure-pdf/unnamed-chunk-3-1.pdf>
File: summary_plots_files/figure-pdf/unnamed-chunk-4-1.pdf Graphic file (type p
df)
<use summary_plots_files/figure-pdf/unnamed-chunk-4-1.pdf>
[138] [139] [140]
Overfull \hbox (70.62735pt too wide) in paragraph at lines 7054--7054
[] \TU/lmtt/m/n/10.95 Hlavac, Marek (2022). stargazer: Well-Formatted Regressio
n and Summary Statistics Tables.[] 
 []

[141] [142]
File: summary_plots_files/figure-pdf/unnamed-chunk-13-1.pdf Graphic file (type 
pdf)
<use summary_plots_files/figure-pdf/unnamed-chunk-13-1.pdf>
File: summary_plots_files/figure-pdf/unnamed-chunk-14-1.pdf Graphic file (type 
pdf)
<use summary_plots_files/figure-pdf/unnamed-chunk-14-1.pdf>
[143] [144]
File: summary_plots_files/figure-pdf/unnamed-chunk-16-1.pdf Graphic file (type 
pdf)
<use summary_plots_files/figure-pdf/unnamed-chunk-16-1.pdf>
File: summary_plots_files/figure-pdf/unnamed-chunk-16-2.pdf Graphic file (type 
pdf)
<use summary_plots_files/figure-pdf/unnamed-chunk-16-2.pdf>
[145]
File: summary_plots_files/figure-pdf/unnamed-chunk-17-1.pdf Graphic file (type 
pdf)
<use summary_plots_files/figure-pdf/unnamed-chunk-17-1.pdf>
[146]
File: summary_plots_files/figure-pdf/unnamed-chunk-18-1.pdf Graphic file (type 
pdf)
<use summary_plots_files/figure-pdf/unnamed-chunk-18-1.pdf>
[147]
chapter 14.
[148

]
Overfull \hbox (1.64236pt too wide) in paragraph at lines 7425--7425
[]\TU/lmtt/m/n/10.95 Warning in checkConv(attr(opt, "derivs"), opt$par, ctrl = 
control$checkConv, :[] 
 []


Overfull \hbox (7.39111pt too wide) in paragraph at lines 7425--7425
[]\TU/lmtt/m/n/10.95 Model failed to converge with max|grad| = 0.00578929 (tol 
= 0.002, component 1)[] 
 []

[149] [150]
File: plot_expand_grid_files/figure-pdf/unnamed-chunk-6-1.pdf Graphic file (typ
e pdf)
<use plot_expand_grid_files/figure-pdf/unnamed-chunk-6-1.pdf>
[151] [152]
File: plot_expand_grid_files/figure-pdf/unnamed-chunk-9-1.pdf Graphic file (typ
e pdf)
<use plot_expand_grid_files/figure-pdf/unnamed-chunk-9-1.pdf>
[153] [154]
File: plot_expand_grid_files/figure-pdf/unnamed-chunk-12-1.pdf Graphic file (ty
pe pdf)
<use plot_expand_grid_files/figure-pdf/unnamed-chunk-12-1.pdf>
[155] [156]
File: plot_expand_grid_files/figure-pdf/unnamed-chunk-14-1.pdf Graphic file (ty
pe pdf)
<use plot_expand_grid_files/figure-pdf/unnamed-chunk-14-1.pdf>
File: plot_expand_grid_files/figure-pdf/unnamed-chunk-15-1.pdf Graphic file (ty
pe pdf)
<use plot_expand_grid_files/figure-pdf/unnamed-chunk-15-1.pdf>
[157] [158]
File: plot_expand_grid_files/figure-pdf/unnamed-chunk-20-1.pdf Graphic file (ty
pe pdf)
<use plot_expand_grid_files/figure-pdf/unnamed-chunk-20-1.pdf>
[159]
File: plot_expand_grid_files/figure-pdf/unnamed-chunk-21-1.pdf Graphic file (ty
pe pdf)
<use plot_expand_grid_files/figure-pdf/unnamed-chunk-21-1.pdf>
[160] [161]
File: plot_expand_grid_files/figure-pdf/unnamed-chunk-24-1.pdf Graphic file (ty
pe pdf)
<use plot_expand_grid_files/figure-pdf/unnamed-chunk-24-1.pdf>
[162]
File: plot_expand_grid_files/figure-pdf/unnamed-chunk-25-1.pdf Graphic file (ty
pe pdf)
<use plot_expand_grid_files/figure-pdf/unnamed-chunk-25-1.pdf>
[163] [164] [165]
File: plot_expand_grid_files/figure-pdf/unnamed-chunk-28-1.pdf Graphic file (ty
pe pdf)
<use plot_expand_grid_files/figure-pdf/unnamed-chunk-28-1.pdf>
[166] [167]
File: plot_expand_grid_files/figure-pdf/unnamed-chunk-31-1.pdf Graphic file (ty
pe pdf)
<use plot_expand_grid_files/figure-pdf/unnamed-chunk-31-1.pdf>
File: plot_expand_grid_files/figure-pdf/unnamed-chunk-32-1.pdf Graphic file (ty
pe pdf)
<use plot_expand_grid_files/figure-pdf/unnamed-chunk-32-1.pdf>
[168]
Overfull \hbox (7.39111pt too wide) in paragraph at lines 8260--8260
[][]\TU/lmtt/m/n/10.95 summarise()[] has grouped output by []GENDER[], []RACEET
H[]. You can override using[] 
 []

File: plot_expand_grid_files/figure-pdf/unnamed-chunk-33-1.pdf Graphic file (ty
pe pdf)
<use plot_expand_grid_files/figure-pdf/unnamed-chunk-33-1.pdf>
[169]
File: plot_expand_grid_files/figure-pdf/unnamed-chunk-34-1.pdf Graphic file (ty
pe pdf)
<use plot_expand_grid_files/figure-pdf/unnamed-chunk-34-1.pdf>
[170] [171] [172]
File: plot_expand_grid_files/figure-pdf/unnamed-chunk-37-1.pdf Graphic file (ty
pe pdf)
<use plot_expand_grid_files/figure-pdf/unnamed-chunk-37-1.pdf>
[173]
chapter 15.
[174

] [175]
Missing character: There is no  in font [lmroman10-regular]:mapping=tex-text;!
[176]
Missing character: There is no  in font [lmroman10-regular]:mapping=tex-text;!
[177]
File: ggeffects_files/figure-pdf/unnamed-chunk-5-1.pdf Graphic file (type pdf)
<use ggeffects_files/figure-pdf/unnamed-chunk-5-1.pdf>
[178]
File: ggeffects_files/figure-pdf/unnamed-chunk-6-1.pdf Graphic file (type pdf)
<use ggeffects_files/figure-pdf/unnamed-chunk-6-1.pdf>
[179]
File: ggeffects_files/figure-pdf/unnamed-chunk-6-2.pdf Graphic file (type pdf)
<use ggeffects_files/figure-pdf/unnamed-chunk-6-2.pdf>
[180]
File: ggeffects_files/figure-pdf/unnamed-chunk-6-3.pdf Graphic file (type pdf)
<use ggeffects_files/figure-pdf/unnamed-chunk-6-3.pdf>
[181]
chapter 16.
File: double_plot_files/figure-pdf/unnamed-chunk-3-1.pdf Graphic file (type pdf
)
<use double_plot_files/figure-pdf/unnamed-chunk-3-1.pdf>
[182

]
File: double_plot_files/figure-pdf/unnamed-chunk-3-2.pdf Graphic file (type pdf
)
<use double_plot_files/figure-pdf/unnamed-chunk-3-2.pdf>
[183]
File: double_plot_files/figure-pdf/unnamed-chunk-4-1.pdf Graphic file (type pdf
)
<use double_plot_files/figure-pdf/unnamed-chunk-4-1.pdf>
[184]
part III.
Package scrkbase Info: You've told me to use the font selection of the element
(scrkbase)             `partprefix' that is an alias of element `partnumber'
(scrkbase)              on input line 8841.
[185

]
chapter 17.
LaTeX Font Info:    Font shape `TU/lmtt/bx/n' in size <12> not available
(Font)              Font shape `TU/lmtt/b/n' tried instead on input line 8888.
[186

] [187]

Package longtable Warning: Column widths have changed
(longtable)                in table 17.1 on input line 8955.


Overfull \hbox (7.39111pt too wide) in paragraph at lines 8996--8996
[]  \TU/lmtt/m/n/10.95 r.squared adj.r.squared sigma statistic   p.value    df 
 logLik    AIC    BIC[] 
 []


Overfull \hbox (7.39111pt too wide) in paragraph at lines 8996--8996
[]      \TU/lmtt/m/n/10.95 <dbl>         <dbl> <dbl>     <dbl>     <dbl> <dbl> 
  <dbl>  <dbl>  <dbl>[] 
 []


Overfull \hbox (7.39111pt too wide) in paragraph at lines 8996--8996
[]\TU/lmtt/m/n/10.95 1     0.130         0.130  6.42     1075. 8.71e-220     1 
-23549. 47104. 47125.[] 
 []


Package longtable Warning: Column widths have changed
(longtable)                in table 17.2 on input line 9013.

[188] [189] [190] [191]
File: broom_files/figure-pdf/unnamed-chunk-10-1.pdf Graphic file (type pdf)
<use broom_files/figure-pdf/unnamed-chunk-10-1.pdf>
[192]
File: broom_files/figure-pdf/unnamed-chunk-11-1.pdf Graphic file (type pdf)
<use broom_files/figure-pdf/unnamed-chunk-11-1.pdf>
[193]
Overfull \hbox (1.64236pt too wide) in paragraph at lines 9322--9322
[]  \TU/lmtt/m/n/10.95 mathach     ses  mnses schoolid .fitted .resid   .hat   
.cooksd .fixed   .mu[] 
 []


Overfull \hbox (1.64236pt too wide) in paragraph at lines 9322--9322
[]    \TU/lmtt/m/n/10.95 <dbl>   <dbl>  <dbl>    <dbl>   <dbl>  <dbl>  <dbl>   
  <dbl>  <dbl> <dbl>[] 
 []


Overfull \hbox (1.64236pt too wide) in paragraph at lines 9322--9322
[]\TU/lmtt/m/n/10.95 1    5.88 -1.53   -0.434     1224    7.29 -1.41  0.0325 0.
000629    7.68  7.29[] 
 []


Overfull \hbox (1.64236pt too wide) in paragraph at lines 9322--9322
[]\TU/lmtt/m/n/10.95 2   19.7  -0.588  -0.434     1224    9.43 10.3   0.0177 0.
0175      9.74  9.43[] 
 []


Overfull \hbox (1.64236pt too wide) in paragraph at lines 9322--9322
[]\TU/lmtt/m/n/10.95 3   20.3  -0.528  -0.434     1224    9.57 10.8   0.0173 0.
0188      9.87  9.57[] 
 []


Overfull \hbox (1.64236pt too wide) in paragraph at lines 9322--9322
[]\TU/lmtt/m/n/10.95 4    8.78 -0.668  -0.434     1224    9.25 -0.468 0.0183 0.
0000376   9.57  9.25[] 
 []

File: broom_files/figure-pdf/unnamed-chunk-12-1.pdf Graphic file (type pdf)
<use broom_files/figure-pdf/unnamed-chunk-12-1.pdf>
[194]
File: broom_files/figure-pdf/unnamed-chunk-12-2.pdf Graphic file (type pdf)
<use broom_files/figure-pdf/unnamed-chunk-12-2.pdf>
[195]
chapter 18.
[196

] [197] [198] [199] [200] [201] [202] [203] [204] [205] [206] [207] [208]
Overfull \hbox (7.39111pt too wide) in paragraph at lines 10205--10205
[] \TU/lmtt/m/n/10.95 [1] anova          as.function    coef           confint 
       cooks.distance[] 
 []

[209]
chapter 19.
[210

] [211]
chapter 20.
[212

] [213] [214] [215]
chapter 21.
[216

] [217]
Missing character: There is no  in font [lmroman10-regular]:mapping=tex-text;!
[218]
Missing character: There is no  in font [lmroman10-regular]:mapping=tex-text;!
[219] [220] [221] [222]
chapter 22.
[223

]
Overfull \hbox (553.14984pt too wide) in paragraph at lines 10970--10972
[][][]\TU/lmr/m/n/10.95 https://books.google.com/books?i d=PpnA1M8VwR8C&pg=PA16
8&lpg=PA168&dq=longitudinal+data+analysis+level1+level2+predictors&source=bl&ot
s=N4p8yFdyuL&sig=wWjmaEeqakD040s4B9-
 []


Overfull \hbox (454.05238pt too wide) in paragraph at lines 10970--10972
\TU/lmr/m/n/10.95 QquJF1eE&hl=en&sa=X&ved=0CCwQ6AEwAWoVChMI5ZLsjKDjyAIVzB0-Ch1s
6wGV#v=onepage&q=longitudinal%20data%20analysis%20level1%20level2%20predictors&
f=false[][] 
 []

[224]
chapter 23.
[225

]
Overfull \hbox (4.425pt too wide) in paragraph at lines 11050--11050
[]|\TU/lmr/m/n/10.95 100|  
 []


Overfull \hbox (4.425pt too wide) in paragraph at lines 11052--11052
[]|\TU/lmr/m/n/10.95 100|  
 []


Overfull \hbox (12.67035pt too wide) in paragraph at lines 11055--11055
[]|\TU/lmr/m/n/10.95 0.856 
 []


Overfull \hbox (12.94409pt too wide) in paragraph at lines 11055--11055
\TU/lmr/m/n/10.95 0.853|  
 []


Overfull \hbox (12.56084pt too wide) in paragraph at lines 11057--11057
[]|\TU/lmr/m/n/10.95 0.584 
 []


Overfull \hbox (12.94409pt too wide) in paragraph at lines 11057--11057
\TU/lmr/m/n/10.95 0.580|  
 []


Overfull \hbox (2.6766pt too wide) in paragraph at lines 11059--11059
 \TU/lmr/m/n/10.95 p<0.05   **
 []


Overfull \hbox (8.15161pt too wide) in paragraph at lines 11059--11059
 \TU/lmr/m/n/10.95 p<0.01   ***
 []


Package longtable Warning: Column widths have changed
(longtable)                in table 23.1 on input line 11060.

File: reg_assumptions_files/figure-pdf/unnamed-chunk-4-1.pdf Graphic file (type
 pdf)
<use reg_assumptions_files/figure-pdf/unnamed-chunk-4-1.pdf>
[226] [227]
Underfull \hbox (badness 10000) in paragraph at lines 11149--11163
\TU/lmr/m/n/10.95 https://blogs.worldbank.org/impactevaluations/when-should-you
-cluster-standard-errors-
 []

[228] [229]
chapter 24.

Overfull \hbox (56.072pt too wide) detected at line 11249
[][]
 []

[230

] [231] [232]
chapter 25.
[233

]
! Misplaced alignment tab character &.
l.11441 \[Y_{ij} &
                  = \gamma_{0} + \gamma_{1} Z_{ij} + \gamma_{2} S_{ij} + \be...
 
Here is how much of TeX's memory you used:
 30475 strings out of 492970
 569718 string characters out of 6133938
 895778 words of memory out of 5000000
 34108 multiletter control sequences out of 15000+600000
 540526 words of font info for 106 fonts, out of 8000000 for 9000
 1348 hyphenation exceptions out of 8191
 60i,18n,117p,10400b,616s stack positions out of 5000i,500n,10000p,200000b,80000s
Output written on index.pdf (233 pages).
